#
# There is insufficient memory for the Java Runtime Environment to continue.
# Native memory allocation (malloc) failed to allocate 1774096 bytes for Chunk::new
# Possible reasons:
#   The system is out of physical RAM or swap space
#   The process is running with CompressedOops enabled, and the Java Heap may be blocking the growth of the native heap
# Possible solutions:
#   Reduce memory load on the system
#   Increase physical memory or swap space
#   Check if swap backing store is full
#   Decrease Java heap size (-Xmx/-Xms)
#   Decrease number of Java threads
#   Decrease Java thread stack sizes (-Xss)
#   Set larger code cache with -XX:ReservedCodeCacheSize=
#   JVM is running with Zero Based Compressed Oops mode in which the Java heap is
#     placed in the first 32GB address space. The Java Heap base address is the
#     maximum limit for the native heap growth. Please use -XX:HeapBaseMinAddress
#     to set the Java Heap base and to place the Java Heap above 32GB virtual address.
# This output file may be truncated or incomplete.
#
#  Out of Memory Error (arena.cpp:189), pid=50156, tid=26736
#
# JRE version: Java(TM) SE Runtime Environment (17.0.8+9) (build 17.0.8+9-LTS-211)
# Java VM: Java HotSpot(TM) 64-Bit Server VM (17.0.8+9-LTS-211, mixed mode, sharing, tiered, compressed oops, compressed class ptrs, g1 gc, windows-amd64)
# No core dump will be written. Minidumps are not enabled by default on client versions of Windows
#

---------------  S U M M A R Y ------------

Command Line: -Dmaven.multiModuleProjectDirectory=D:\Users\sghai\Desktop\AyaSghaier-5SAE7-G5\5SAE7-G5-Kaddem\5 SAE 7-G5-KADDEM -Djansi.passthrough=true -Dmaven.home=C:\Program Files\JetBrains\IntelliJ IDEA 2023.2.1\plugins\maven\lib\maven3 -Dclassworlds.conf=C:\Program Files\JetBrains\IntelliJ IDEA 2023.2.1\plugins\maven\lib\maven3\bin\m2.conf -Dmaven.ext.class.path=C:\Program Files\JetBrains\IntelliJ IDEA 2023.2.1\plugins\maven\lib\maven-event-listener.jar -javaagent:C:\Program Files\JetBrains\IntelliJ IDEA 2023.2.1\lib\idea_rt.jar=54022:C:\Program Files\JetBrains\IntelliJ IDEA 2023.2.1\bin -Dfile.encoding=UTF-8 org.codehaus.classworlds.Launcher -Didea.version=2023.2.1 compile

Host: Intel(R) Core(TM) i3-7020U CPU @ 2.30GHz, 4 cores, 11G,  Windows 10 , 64 bit Build 19041 (10.0.19041.4957)
Time: Wed Nov  6 22:25:44 2024 Afr. centrale Ouest elapsed time: 230.064641 seconds (0d 0h 3m 50s)

---------------  T H R E A D  ---------------

Current thread (0x0000023029bd2d30):  JavaThread "C2 CompilerThread0" daemon [_thread_in_native, id=26736, stack(0x000000d276400000,0x000000d276500000)]


Current CompileTask:
C2: 230064 4717       4       org.apache.maven.model.inheritance.DefaultInheritanceAssembler$InheritanceModelMerger::mergePluginContainer_Plugins (433 bytes)

Stack: [0x000000d276400000,0x000000d276500000]
Native frames: (J=compiled Java code, j=interpreted, Vv=VM code, C=native code)
V  [jvm.dll+0x677d0a]
V  [jvm.dll+0x7d8c54]
V  [jvm.dll+0x7da3fe]
V  [jvm.dll+0x7daa63]
V  [jvm.dll+0x245c5f]
V  [jvm.dll+0xaaa6b]
V  [jvm.dll+0xab00c]
V  [jvm.dll+0x361e8e]
V  [jvm.dll+0x1bba6a]
V  [jvm.dll+0x218157]
V  [jvm.dll+0x217431]
V  [jvm.dll+0x1a3af0]
V  [jvm.dll+0x2270be]
V  [jvm.dll+0x22535b]
V  [jvm.dll+0x78e7bc]
V  [jvm.dll+0x788bba]
V  [jvm.dll+0x676b35]
C  [ucrtbase.dll+0x21bb2]
C  [KERNEL32.DLL+0x17374]
C  [ntdll.dll+0x4cc91]


---------------  P R O C E S S  ---------------

Threads class SMR info:
_java_thread_list=0x000002306fa02830, length=14, elements={
0x0000023009d09f80, 0x0000023029bb9af0, 0x0000023029bba960, 0x0000023029bce180,
0x0000023029bd0c40, 0x0000023029bd15f0, 0x0000023029bd1fa0, 0x0000023029bd2d30,
0x0000023029bd37d0, 0x0000023029c358b0, 0x0000023029ba6800, 0x000002306f1a9b80,
0x000002306f1aa050, 0x00000230700e9150
}

Java Threads: ( => current thread )
  0x0000023009d09f80 JavaThread "main" [_thread_in_vm, id=13464, stack(0x000000d275700000,0x000000d275800000)]
  0x0000023029bb9af0 JavaThread "Reference Handler" daemon [_thread_blocked, id=40544, stack(0x000000d275e00000,0x000000d275f00000)]
  0x0000023029bba960 JavaThread "Finalizer" daemon [_thread_blocked, id=9636, stack(0x000000d275f00000,0x000000d276000000)]
  0x0000023029bce180 JavaThread "Signal Dispatcher" daemon [_thread_blocked, id=22060, stack(0x000000d276000000,0x000000d276100000)]
  0x0000023029bd0c40 JavaThread "Attach Listener" daemon [_thread_blocked, id=42788, stack(0x000000d276100000,0x000000d276200000)]
  0x0000023029bd15f0 JavaThread "Service Thread" daemon [_thread_blocked, id=18896, stack(0x000000d276200000,0x000000d276300000)]
  0x0000023029bd1fa0 JavaThread "Monitor Deflation Thread" daemon [_thread_blocked, id=48940, stack(0x000000d276300000,0x000000d276400000)]
=>0x0000023029bd2d30 JavaThread "C2 CompilerThread0" daemon [_thread_in_native, id=26736, stack(0x000000d276400000,0x000000d276500000)]
  0x0000023029bd37d0 JavaThread "C1 CompilerThread0" daemon [_thread_blocked, id=25676, stack(0x000000d276500000,0x000000d276600000)]
  0x0000023029c358b0 JavaThread "Sweeper thread" daemon [_thread_blocked, id=43364, stack(0x000000d276600000,0x000000d276700000)]
  0x0000023029ba6800 JavaThread "Common-Cleaner" daemon [_thread_blocked, id=44472, stack(0x000000d276700000,0x000000d276800000)]
  0x000002306f1a9b80 JavaThread "Monitor Ctrl-Break" daemon [_thread_in_native, id=42744, stack(0x000000d276800000,0x000000d276900000)]
  0x000002306f1aa050 JavaThread "Notification Thread" daemon [_thread_blocked, id=36824, stack(0x000000d276900000,0x000000d276a00000)]
  0x00000230700e9150 JavaThread "C2 CompilerThread1" daemon [_thread_blocked, id=19896, stack(0x000000d275500000,0x000000d275600000)]

Other Threads:
  0x0000023029bb4750 VMThread "VM Thread" [stack: 0x000000d275d00000,0x000000d275e00000] [id=23300]
  0x000002306f161dd0 WatcherThread [stack: 0x000000d276a00000,0x000000d276b00000] [id=39600]
  0x0000023009d620a0 GCTaskThread "GC Thread#0" [stack: 0x000000d275800000,0x000000d275900000] [id=39668]
  0x000002306f9725f0 GCTaskThread "GC Thread#1" [stack: 0x000000d276b00000,0x000000d276c00000] [id=44184]
  0x000002306f956460 GCTaskThread "GC Thread#2" [stack: 0x000000d276c00000,0x000000d276d00000] [id=35400]
  0x000002306f956710 GCTaskThread "GC Thread#3" [stack: 0x000000d276d00000,0x000000d276e00000] [id=40388]
  0x0000023009d6eea0 ConcurrentGCThread "G1 Main Marker" [stack: 0x000000d275900000,0x000000d275a00000] [id=47776]
  0x0000023009d6f8b0 ConcurrentGCThread "G1 Conc#0" [stack: 0x000000d275a00000,0x000000d275b00000] [id=42920]
  0x0000023009dd0aa0 ConcurrentGCThread "G1 Refine#0" [stack: 0x000000d275b00000,0x000000d275c00000] [id=34176]
  0x0000023029a805f0 ConcurrentGCThread "G1 Service" [stack: 0x000000d275c00000,0x000000d275d00000] [id=47000]

Threads with active compile tasks:
C2 CompilerThread0   230138 4717       4       org.apache.maven.model.inheritance.DefaultInheritanceAssembler$InheritanceModelMerger::mergePluginContainer_Plugins (433 bytes)

VM state: not at safepoint (normal execution)

VM Mutex/Monitor currently owned by a thread: None

Heap address: 0x0000000741400000, size: 3052 MB, Compressed Oops mode: Zero based, Oop shift amount: 3

CDS archive(s) mapped at: [0x000002302a000000-0x000002302abd0000-0x000002302abd0000), size 12386304, SharedBaseAddress: 0x000002302a000000, ArchiveRelocationMode: 1.
Compressed class space mapped at: 0x000002302b000000-0x000002306b000000, reserved size: 1073741824
Narrow klass base: 0x000002302a000000, Narrow klass shift: 0, Narrow klass range: 0x100000000

GC Precious Log:
 CPUs: 4 total, 4 available
 Memory: 12203M
 Large Page Support: Disabled
 NUMA Support: Disabled
 Compressed Oops: Enabled (Zero based)
 Heap Region Size: 2M
 Heap Min Capacity: 8M
 Heap Initial Capacity: 192M
 Heap Max Capacity: 3052M
 Pre-touch: Disabled
 Parallel Workers: 4
 Concurrent Workers: 1
 Concurrent Refinement Workers: 4
 Periodic GC: Disabled

Heap:
 garbage-first heap   total 196608K, used 55714K [0x0000000741400000, 0x0000000800000000)
  region size 2048K, 27 young (55296K), 6 survivors (12288K)
 Metaspace       used 17700K, committed 17920K, reserved 1114112K
  class space    used 2004K, committed 2112K, reserved 1048576K

Heap Regions: E=young(eden), S=young(survivor), O=old, HS=humongous(starts), HC=humongous(continues), CS=collection set, F=free, OA=open archive, CA=closed archive, TAMS=top-at-mark-start (previous, next)
|   0|0x0000000741400000, 0x0000000741600000, 0x0000000741600000|100%| O|  |TAMS 0x0000000741400000, 0x0000000741400000| Untracked 
|   1|0x0000000741600000, 0x0000000741741800, 0x0000000741800000| 62%| O|  |TAMS 0x0000000741600000, 0x0000000741600000| Untracked 
|   2|0x0000000741800000, 0x0000000741800000, 0x0000000741a00000|  0%| F|  |TAMS 0x0000000741800000, 0x0000000741800000| Untracked 
|   3|0x0000000741a00000, 0x0000000741a00000, 0x0000000741c00000|  0%| F|  |TAMS 0x0000000741a00000, 0x0000000741a00000| Untracked 
|   4|0x0000000741c00000, 0x0000000741c00000, 0x0000000741e00000|  0%| F|  |TAMS 0x0000000741c00000, 0x0000000741c00000| Untracked 
|   5|0x0000000741e00000, 0x0000000741e00000, 0x0000000742000000|  0%| F|  |TAMS 0x0000000741e00000, 0x0000000741e00000| Untracked 
|   6|0x0000000742000000, 0x0000000742000000, 0x0000000742200000|  0%| F|  |TAMS 0x0000000742000000, 0x0000000742000000| Untracked 
|   7|0x0000000742200000, 0x0000000742200000, 0x0000000742400000|  0%| F|  |TAMS 0x0000000742200000, 0x0000000742200000| Untracked 
|   8|0x0000000742400000, 0x0000000742400000, 0x0000000742600000|  0%| F|  |TAMS 0x0000000742400000, 0x0000000742400000| Untracked 
|   9|0x0000000742600000, 0x0000000742600000, 0x0000000742800000|  0%| F|  |TAMS 0x0000000742600000, 0x0000000742600000| Untracked 
|  10|0x0000000742800000, 0x0000000742800000, 0x0000000742a00000|  0%| F|  |TAMS 0x0000000742800000, 0x0000000742800000| Untracked 
|  11|0x0000000742a00000, 0x0000000742a00000, 0x0000000742c00000|  0%| F|  |TAMS 0x0000000742a00000, 0x0000000742a00000| Untracked 
|  12|0x0000000742c00000, 0x0000000742c00000, 0x0000000742e00000|  0%| F|  |TAMS 0x0000000742c00000, 0x0000000742c00000| Untracked 
|  13|0x0000000742e00000, 0x0000000742e00000, 0x0000000743000000|  0%| F|  |TAMS 0x0000000742e00000, 0x0000000742e00000| Untracked 
|  14|0x0000000743000000, 0x0000000743000000, 0x0000000743200000|  0%| F|  |TAMS 0x0000000743000000, 0x0000000743000000| Untracked 
|  15|0x0000000743200000, 0x0000000743200000, 0x0000000743400000|  0%| F|  |TAMS 0x0000000743200000, 0x0000000743200000| Untracked 
|  16|0x0000000743400000, 0x0000000743400000, 0x0000000743600000|  0%| F|  |TAMS 0x0000000743400000, 0x0000000743400000| Untracked 
|  17|0x0000000743600000, 0x0000000743600000, 0x0000000743800000|  0%| F|  |TAMS 0x0000000743600000, 0x0000000743600000| Untracked 
|  18|0x0000000743800000, 0x0000000743800000, 0x0000000743a00000|  0%| F|  |TAMS 0x0000000743800000, 0x0000000743800000| Untracked 
|  19|0x0000000743a00000, 0x0000000743a00000, 0x0000000743c00000|  0%| F|  |TAMS 0x0000000743a00000, 0x0000000743a00000| Untracked 
|  20|0x0000000743c00000, 0x0000000743c00000, 0x0000000743e00000|  0%| F|  |TAMS 0x0000000743c00000, 0x0000000743c00000| Untracked 
|  21|0x0000000743e00000, 0x0000000743e00000, 0x0000000744000000|  0%| F|  |TAMS 0x0000000743e00000, 0x0000000743e00000| Untracked 
|  22|0x0000000744000000, 0x0000000744000000, 0x0000000744200000|  0%| F|  |TAMS 0x0000000744000000, 0x0000000744000000| Untracked 
|  23|0x0000000744200000, 0x0000000744200000, 0x0000000744400000|  0%| F|  |TAMS 0x0000000744200000, 0x0000000744200000| Untracked 
|  24|0x0000000744400000, 0x0000000744400000, 0x0000000744600000|  0%| F|  |TAMS 0x0000000744400000, 0x0000000744400000| Untracked 
|  25|0x0000000744600000, 0x0000000744600000, 0x0000000744800000|  0%| F|  |TAMS 0x0000000744600000, 0x0000000744600000| Untracked 
|  26|0x0000000744800000, 0x0000000744800000, 0x0000000744a00000|  0%| F|  |TAMS 0x0000000744800000, 0x0000000744800000| Untracked 
|  27|0x0000000744a00000, 0x0000000744a00000, 0x0000000744c00000|  0%| F|  |TAMS 0x0000000744a00000, 0x0000000744a00000| Untracked 
|  28|0x0000000744c00000, 0x0000000744c00000, 0x0000000744e00000|  0%| F|  |TAMS 0x0000000744c00000, 0x0000000744c00000| Untracked 
|  29|0x0000000744e00000, 0x0000000744e00000, 0x0000000745000000|  0%| F|  |TAMS 0x0000000744e00000, 0x0000000744e00000| Untracked 
|  30|0x0000000745000000, 0x0000000745000000, 0x0000000745200000|  0%| F|  |TAMS 0x0000000745000000, 0x0000000745000000| Untracked 
|  31|0x0000000745200000, 0x0000000745200000, 0x0000000745400000|  0%| F|  |TAMS 0x0000000745200000, 0x0000000745200000| Untracked 
|  32|0x0000000745400000, 0x0000000745400000, 0x0000000745600000|  0%| F|  |TAMS 0x0000000745400000, 0x0000000745400000| Untracked 
|  33|0x0000000745600000, 0x00000007457273e0, 0x0000000745800000| 57%| S|CS|TAMS 0x0000000745600000, 0x0000000745600000| Complete 
|  34|0x0000000745800000, 0x0000000745a00000, 0x0000000745a00000|100%| S|CS|TAMS 0x0000000745800000, 0x0000000745800000| Complete 
|  35|0x0000000745a00000, 0x0000000745c00000, 0x0000000745c00000|100%| S|CS|TAMS 0x0000000745a00000, 0x0000000745a00000| Complete 
|  36|0x0000000745c00000, 0x0000000745e00000, 0x0000000745e00000|100%| S|CS|TAMS 0x0000000745c00000, 0x0000000745c00000| Complete 
|  37|0x0000000745e00000, 0x0000000746000000, 0x0000000746000000|100%| S|CS|TAMS 0x0000000745e00000, 0x0000000745e00000| Complete 
|  38|0x0000000746000000, 0x0000000746200000, 0x0000000746200000|100%| S|CS|TAMS 0x0000000746000000, 0x0000000746000000| Complete 
|  39|0x0000000746200000, 0x0000000746200000, 0x0000000746400000|  0%| F|  |TAMS 0x0000000746200000, 0x0000000746200000| Untracked 
|  40|0x0000000746400000, 0x0000000746400000, 0x0000000746600000|  0%| F|  |TAMS 0x0000000746400000, 0x0000000746400000| Untracked 
|  41|0x0000000746600000, 0x0000000746600000, 0x0000000746800000|  0%| F|  |TAMS 0x0000000746600000, 0x0000000746600000| Untracked 
|  42|0x0000000746800000, 0x0000000746800000, 0x0000000746a00000|  0%| F|  |TAMS 0x0000000746800000, 0x0000000746800000| Untracked 
|  43|0x0000000746a00000, 0x0000000746a00000, 0x0000000746c00000|  0%| F|  |TAMS 0x0000000746a00000, 0x0000000746a00000| Untracked 
|  44|0x0000000746c00000, 0x0000000746c00000, 0x0000000746e00000|  0%| F|  |TAMS 0x0000000746c00000, 0x0000000746c00000| Untracked 
|  45|0x0000000746e00000, 0x0000000746e00000, 0x0000000747000000|  0%| F|  |TAMS 0x0000000746e00000, 0x0000000746e00000| Untracked 
|  46|0x0000000747000000, 0x0000000747000000, 0x0000000747200000|  0%| F|  |TAMS 0x0000000747000000, 0x0000000747000000| Untracked 
|  47|0x0000000747200000, 0x0000000747200000, 0x0000000747400000|  0%| F|  |TAMS 0x0000000747200000, 0x0000000747200000| Untracked 
|  48|0x0000000747400000, 0x0000000747400000, 0x0000000747600000|  0%| F|  |TAMS 0x0000000747400000, 0x0000000747400000| Untracked 
|  49|0x0000000747600000, 0x0000000747600000, 0x0000000747800000|  0%| F|  |TAMS 0x0000000747600000, 0x0000000747600000| Untracked 
|  50|0x0000000747800000, 0x0000000747800000, 0x0000000747a00000|  0%| F|  |TAMS 0x0000000747800000, 0x0000000747800000| Untracked 
|  51|0x0000000747a00000, 0x0000000747a00000, 0x0000000747c00000|  0%| F|  |TAMS 0x0000000747a00000, 0x0000000747a00000| Untracked 
|  52|0x0000000747c00000, 0x0000000747c00000, 0x0000000747e00000|  0%| F|  |TAMS 0x0000000747c00000, 0x0000000747c00000| Untracked 
|  53|0x0000000747e00000, 0x0000000747e00000, 0x0000000748000000|  0%| F|  |TAMS 0x0000000747e00000, 0x0000000747e00000| Untracked 
|  54|0x0000000748000000, 0x0000000748000000, 0x0000000748200000|  0%| F|  |TAMS 0x0000000748000000, 0x0000000748000000| Untracked 
|  55|0x0000000748200000, 0x0000000748200000, 0x0000000748400000|  0%| F|  |TAMS 0x0000000748200000, 0x0000000748200000| Untracked 
|  56|0x0000000748400000, 0x0000000748400000, 0x0000000748600000|  0%| F|  |TAMS 0x0000000748400000, 0x0000000748400000| Untracked 
|  57|0x0000000748600000, 0x0000000748600000, 0x0000000748800000|  0%| F|  |TAMS 0x0000000748600000, 0x0000000748600000| Untracked 
|  58|0x0000000748800000, 0x0000000748800000, 0x0000000748a00000|  0%| F|  |TAMS 0x0000000748800000, 0x0000000748800000| Untracked 
|  59|0x0000000748a00000, 0x0000000748a00000, 0x0000000748c00000|  0%| F|  |TAMS 0x0000000748a00000, 0x0000000748a00000| Untracked 
|  60|0x0000000748c00000, 0x0000000748c00000, 0x0000000748e00000|  0%| F|  |TAMS 0x0000000748c00000, 0x0000000748c00000| Untracked 
|  61|0x0000000748e00000, 0x0000000748e00000, 0x0000000749000000|  0%| F|  |TAMS 0x0000000748e00000, 0x0000000748e00000| Untracked 
|  62|0x0000000749000000, 0x0000000749000000, 0x0000000749200000|  0%| F|  |TAMS 0x0000000749000000, 0x0000000749000000| Untracked 
|  63|0x0000000749200000, 0x0000000749200000, 0x0000000749400000|  0%| F|  |TAMS 0x0000000749200000, 0x0000000749200000| Untracked 
|  64|0x0000000749400000, 0x0000000749400000, 0x0000000749600000|  0%| F|  |TAMS 0x0000000749400000, 0x0000000749400000| Untracked 
|  65|0x0000000749600000, 0x0000000749600000, 0x0000000749800000|  0%| F|  |TAMS 0x0000000749600000, 0x0000000749600000| Untracked 
|  66|0x0000000749800000, 0x0000000749800000, 0x0000000749a00000|  0%| F|  |TAMS 0x0000000749800000, 0x0000000749800000| Untracked 
|  67|0x0000000749a00000, 0x0000000749a00000, 0x0000000749c00000|  0%| F|  |TAMS 0x0000000749a00000, 0x0000000749a00000| Untracked 
|  68|0x0000000749c00000, 0x0000000749c00000, 0x0000000749e00000|  0%| F|  |TAMS 0x0000000749c00000, 0x0000000749c00000| Untracked 
|  69|0x0000000749e00000, 0x0000000749e00000, 0x000000074a000000|  0%| F|  |TAMS 0x0000000749e00000, 0x0000000749e00000| Untracked 
|  70|0x000000074a000000, 0x000000074a000000, 0x000000074a200000|  0%| F|  |TAMS 0x000000074a000000, 0x000000074a000000| Untracked 
|  71|0x000000074a200000, 0x000000074a200000, 0x000000074a400000|  0%| F|  |TAMS 0x000000074a200000, 0x000000074a200000| Untracked 
|  72|0x000000074a400000, 0x000000074a400000, 0x000000074a600000|  0%| F|  |TAMS 0x000000074a400000, 0x000000074a400000| Untracked 
|  73|0x000000074a600000, 0x000000074a600000, 0x000000074a800000|  0%| F|  |TAMS 0x000000074a600000, 0x000000074a600000| Untracked 
|  74|0x000000074a800000, 0x000000074a800000, 0x000000074aa00000|  0%| F|  |TAMS 0x000000074a800000, 0x000000074a800000| Untracked 
|  75|0x000000074aa00000, 0x000000074ab01010, 0x000000074ac00000| 50%| E|  |TAMS 0x000000074aa00000, 0x000000074aa00000| Complete 
|  76|0x000000074ac00000, 0x000000074ae00000, 0x000000074ae00000|100%| E|CS|TAMS 0x000000074ac00000, 0x000000074ac00000| Complete 
|  77|0x000000074ae00000, 0x000000074b000000, 0x000000074b000000|100%| E|CS|TAMS 0x000000074ae00000, 0x000000074ae00000| Complete 
|  78|0x000000074b000000, 0x000000074b200000, 0x000000074b200000|100%| E|CS|TAMS 0x000000074b000000, 0x000000074b000000| Complete 
|  79|0x000000074b200000, 0x000000074b400000, 0x000000074b400000|100%| E|CS|TAMS 0x000000074b200000, 0x000000074b200000| Complete 
|  80|0x000000074b400000, 0x000000074b600000, 0x000000074b600000|100%| E|CS|TAMS 0x000000074b400000, 0x000000074b400000| Complete 
|  81|0x000000074b600000, 0x000000074b800000, 0x000000074b800000|100%| E|CS|TAMS 0x000000074b600000, 0x000000074b600000| Complete 
|  82|0x000000074b800000, 0x000000074ba00000, 0x000000074ba00000|100%| E|CS|TAMS 0x000000074b800000, 0x000000074b800000| Complete 
|  83|0x000000074ba00000, 0x000000074bc00000, 0x000000074bc00000|100%| E|CS|TAMS 0x000000074ba00000, 0x000000074ba00000| Complete 
|  84|0x000000074bc00000, 0x000000074be00000, 0x000000074be00000|100%| E|CS|TAMS 0x000000074bc00000, 0x000000074bc00000| Complete 
|  85|0x000000074be00000, 0x000000074c000000, 0x000000074c000000|100%| E|CS|TAMS 0x000000074be00000, 0x000000074be00000| Complete 
|  86|0x000000074c000000, 0x000000074c200000, 0x000000074c200000|100%| E|CS|TAMS 0x000000074c000000, 0x000000074c000000| Complete 
|  87|0x000000074c200000, 0x000000074c400000, 0x000000074c400000|100%| E|CS|TAMS 0x000000074c200000, 0x000000074c200000| Complete 
|  88|0x000000074c400000, 0x000000074c600000, 0x000000074c600000|100%| E|CS|TAMS 0x000000074c400000, 0x000000074c400000| Complete 
|  89|0x000000074c600000, 0x000000074c800000, 0x000000074c800000|100%| E|CS|TAMS 0x000000074c600000, 0x000000074c600000| Complete 
|  90|0x000000074c800000, 0x000000074ca00000, 0x000000074ca00000|100%| E|CS|TAMS 0x000000074c800000, 0x000000074c800000| Complete 
|  91|0x000000074ca00000, 0x000000074cc00000, 0x000000074cc00000|100%| E|CS|TAMS 0x000000074ca00000, 0x000000074ca00000| Complete 
|  92|0x000000074cc00000, 0x000000074ce00000, 0x000000074ce00000|100%| E|CS|TAMS 0x000000074cc00000, 0x000000074cc00000| Complete 
|  93|0x000000074ce00000, 0x000000074d000000, 0x000000074d000000|100%| E|CS|TAMS 0x000000074ce00000, 0x000000074ce00000| Complete 
|  94|0x000000074d000000, 0x000000074d200000, 0x000000074d200000|100%| E|CS|TAMS 0x000000074d000000, 0x000000074d000000| Complete 
|  95|0x000000074d200000, 0x000000074d400000, 0x000000074d400000|100%| E|CS|TAMS 0x000000074d200000, 0x000000074d200000| Complete 

Card table byte_map: [0x0000023020bb0000,0x00000230211b0000] _byte_map_base: 0x000002301d1a6000

Marking Bits (Prev, Next): (CMBitMap*) 0x0000023009d626b0, (CMBitMap*) 0x0000023009d626f0
 Prev Bits: [0x00000230217b0000, 0x0000023024760000)
 Next Bits: [0x0000023024760000, 0x0000023027710000)

Polling page: 0x0000023007cf0000

Metaspace:

Usage:
  Non-class:     15.37 MB used.
      Class:      1.96 MB used.
       Both:     17.33 MB used.

Virtual space:
  Non-class space:       64.00 MB reserved,      15.50 MB ( 24%) committed,  1 nodes.
      Class space:        1.00 GB reserved,       2.06 MB ( <1%) committed,  1 nodes.
             Both:        1.06 GB reserved,      17.56 MB (  2%) committed. 

Chunk freelists:
   Non-Class:  416.00 KB
       Class:  13.81 MB
        Both:  14.22 MB

MaxMetaspaceSize: unlimited
CompressedClassSpaceSize: 1.00 GB
Initial GC threshold: 21.00 MB
Current GC threshold: 21.00 MB
CDS: on
MetaspaceReclaimPolicy: balanced
 - commit_granule_bytes: 65536.
 - commit_granule_words: 8192.
 - virtual_space_node_default_size: 8388608.
 - enlarge_chunks_in_place: 1.
 - new_chunks_are_fully_committed: 0.
 - uncommit_free_chunks: 1.
 - use_allocation_guard: 0.
 - handle_deallocations: 1.


Internal statistics:

num_allocs_failed_limit: 0.
num_arena_births: 122.
num_arena_deaths: 0.
num_vsnodes_births: 2.
num_vsnodes_deaths: 0.
num_space_committed: 282.
num_space_uncommitted: 0.
num_chunks_returned_to_freelist: 0.
num_chunks_taken_from_freelist: 759.
num_chunk_merges: 0.
num_chunk_splits: 512.
num_chunks_enlarged: 399.
num_purges: 0.
num_inconsistent_stats: 0.

CodeHeap 'non-profiled nmethods': size=120000Kb used=2636Kb max_used=2636Kb free=117363Kb
 bounds [0x0000023019080000, 0x0000023019320000, 0x00000230205b0000]
CodeHeap 'profiled nmethods': size=120000Kb used=10687Kb max_used=10687Kb free=109313Kb
 bounds [0x00000230115b0000, 0x0000023012020000, 0x0000023018ae0000]
CodeHeap 'non-nmethods': size=5760Kb used=1182Kb max_used=1269Kb free=4577Kb
 bounds [0x0000023018ae0000, 0x0000023018d50000, 0x0000023019080000]
 total_blobs=5327 nmethods=4850 adapters=389
 compilation: enabled
              stopped_count=0, restarted_count=0
 full_count=0

Compilation events (20 events):
Event: 229.686 Thread 0x00000230700e9150 nmethod 4841 0x0000023019311910 code [0x0000023019311aa0, 0x0000023019311c78]
Event: 229.686 Thread 0x0000023029bd37d0 nmethod 4843 0x000002301201b910 code [0x000002301201bac0, 0x000002301201bdc8]
Event: 229.686 Thread 0x0000023029bd37d0 4844       3       com.google.inject.internal.MembersInjectorStore$1::create (10 bytes)
Event: 229.686 Thread 0x0000023029bd37d0 nmethod 4844 0x000002301201bf10 code [0x000002301201c0c0, 0x000002301201c268]
Event: 229.686 Thread 0x0000023029bd37d0 4845   !   3       com.google.inject.internal.MembersInjectorStore::getInjectors (130 bytes)
Event: 229.688 Thread 0x0000023029bd37d0 nmethod 4845 0x000002301201c390 code [0x000002301201c680, 0x000002301201dba8]
Event: 229.688 Thread 0x0000023029bd37d0 4846       3       com.google.inject.internal.EncounterImpl::<init> (20 bytes)
Event: 229.689 Thread 0x0000023029bd37d0 nmethod 4846 0x000002301201e310 code [0x000002301201e4c0, 0x000002301201e6f8]
Event: 229.690 Thread 0x00000230700e9150 4847       4       java.lang.ref.WeakReference::<init> (7 bytes)
Event: 229.690 Thread 0x0000023029bd37d0 4849       3       java.util.LinkedList$ListItr::hasNext (20 bytes)
Event: 229.691 Thread 0x0000023029bd37d0 nmethod 4849 0x000002301201e790 code [0x000002301201e920, 0x000002301201ea98]
Event: 229.693 Thread 0x00000230700e9150 nmethod 4847 0x0000023019311d10 code [0x0000023019311e80, 0x00000230193120f8]
Event: 229.693 Thread 0x00000230700e9150 4848       4       java.util.stream.ReduceOps$3ReducingSink::accept (15 bytes)
Event: 229.693 Thread 0x0000023029bd37d0 4850       3       java.util.Collections$SetFromMap::<init> (39 bytes)
Event: 229.694 Thread 0x0000023029bd37d0 nmethod 4850 0x000002301201eb90 code [0x000002301201ed80, 0x000002301201f308]
Event: 229.695 Thread 0x0000023029bd37d0 4851       3       org.eclipse.sisu.inject.MildKeys$Weak::<init> (15 bytes)
Event: 229.696 Thread 0x0000023029bd37d0 nmethod 4851 0x000002301201f490 code [0x000002301201f660, 0x000002301201fa88]
Event: 229.700 Thread 0x00000230700e9150 nmethod 4848 0x0000023019312190 code [0x0000023019312360, 0x0000023019312768]
Event: 229.715 Thread 0x00000230700e9150 4852       4       java.lang.ClassLoader::checkName (37 bytes)
Event: 229.718 Thread 0x00000230700e9150 nmethod 4852 0x0000023019312c10 code [0x0000023019312da0, 0x0000023019312fd8]

GC Heap History (8 events):
Event: 7.648 GC heap before
{Heap before GC invocations=0 (full 0):
 garbage-first heap   total 196608K, used 12288K [0x0000000741400000, 0x0000000800000000)
  region size 2048K, 6 young (12288K), 0 survivors (0K)
 Metaspace       used 3455K, committed 3584K, reserved 1114112K
  class space    used 355K, committed 448K, reserved 1048576K
}
Event: 11.833 GC heap after
{Heap after GC invocations=1 (full 0):
 garbage-first heap   total 196608K, used 3274K [0x0000000741400000, 0x0000000800000000)
  region size 2048K, 1 young (2048K), 1 survivors (2048K)
 Metaspace       used 3455K, committed 3584K, reserved 1114112K
  class space    used 355K, committed 448K, reserved 1048576K
}
Event: 215.880 GC heap before
{Heap before GC invocations=1 (full 0):
 garbage-first heap   total 196608K, used 11466K [0x0000000741400000, 0x0000000800000000)
  region size 2048K, 5 young (10240K), 1 survivors (2048K)
 Metaspace       used 5688K, committed 5888K, reserved 1114112K
  class space    used 667K, committed 768K, reserved 1048576K
}
Event: 215.888 GC heap after
{Heap after GC invocations=2 (full 0):
 garbage-first heap   total 196608K, used 3869K [0x0000000741400000, 0x0000000800000000)
  region size 2048K, 1 young (2048K), 1 survivors (2048K)
 Metaspace       used 5688K, committed 5888K, reserved 1114112K
  class space    used 667K, committed 768K, reserved 1048576K
}
Event: 219.362 GC heap before
{Heap before GC invocations=2 (full 0):
 garbage-first heap   total 196608K, used 34589K [0x0000000741400000, 0x0000000800000000)
  region size 2048K, 16 young (32768K), 1 survivors (2048K)
 Metaspace       used 9361K, committed 9536K, reserved 1114112K
  class space    used 1128K, committed 1216K, reserved 1048576K
}
Event: 219.366 GC heap after
{Heap after GC invocations=3 (full 0):
 garbage-first heap   total 196608K, used 5095K [0x0000000741400000, 0x0000000800000000)
  region size 2048K, 1 young (2048K), 1 survivors (2048K)
 Metaspace       used 9361K, committed 9536K, reserved 1114112K
  class space    used 1128K, committed 1216K, reserved 1048576K
}
Event: 227.580 GC heap before
{Heap before GC invocations=3 (full 0):
 garbage-first heap   total 196608K, used 119783K [0x0000000741400000, 0x0000000800000000)
  region size 2048K, 57 young (116736K), 1 survivors (2048K)
 Metaspace       used 16372K, committed 16640K, reserved 1114112K
  class space    used 1868K, committed 1984K, reserved 1048576K
}
Event: 227.602 GC heap after
{Heap after GC invocations=4 (full 0):
 garbage-first heap   total 196608K, used 14754K [0x0000000741400000, 0x0000000800000000)
  region size 2048K, 6 young (12288K), 6 survivors (12288K)
 Metaspace       used 16372K, committed 16640K, reserved 1114112K
  class space    used 1868K, committed 1984K, reserved 1048576K
}

Deoptimization events (20 events):
Event: 228.552 Thread 0x0000023009d09f80 DEOPT PACKING pc=0x0000023019161898 sp=0x000000d2757fd280
Event: 228.552 Thread 0x0000023009d09f80 DEOPT UNPACKING pc=0x0000023018b323a3 sp=0x000000d2757fd208 mode 2
Event: 228.604 Thread 0x0000023009d09f80 Uncommon trap: trap_request=0xffffffde fr.pc=0x0000023019161898 relative=0x0000000000000078
Event: 228.604 Thread 0x0000023009d09f80 Uncommon trap: reason=class_check action=maybe_recompile pc=0x0000023019161898 method=com.google.inject.internal.LinkedBindingImpl.acceptTargetVisitor(Lcom/google/inject/spi/BindingTargetVisitor;)Ljava/lang/Object; @ 2 c2
Event: 228.604 Thread 0x0000023009d09f80 DEOPT PACKING pc=0x0000023019161898 sp=0x000000d2757fd280
Event: 228.604 Thread 0x0000023009d09f80 DEOPT UNPACKING pc=0x0000023018b323a3 sp=0x000000d2757fd208 mode 2
Event: 228.604 Thread 0x0000023009d09f80 Uncommon trap: trap_request=0xffffffde fr.pc=0x0000023019161898 relative=0x0000000000000078
Event: 228.604 Thread 0x0000023009d09f80 Uncommon trap: reason=class_check action=maybe_recompile pc=0x0000023019161898 method=com.google.inject.internal.LinkedBindingImpl.acceptTargetVisitor(Lcom/google/inject/spi/BindingTargetVisitor;)Ljava/lang/Object; @ 2 c2
Event: 228.604 Thread 0x0000023009d09f80 DEOPT PACKING pc=0x0000023019161898 sp=0x000000d2757fd280
Event: 228.604 Thread 0x0000023009d09f80 DEOPT UNPACKING pc=0x0000023018b323a3 sp=0x000000d2757fd208 mode 2
Event: 228.609 Thread 0x0000023009d09f80 Uncommon trap: trap_request=0xfffffff4 fr.pc=0x0000023019282b88 relative=0x00000000000008a8
Event: 228.609 Thread 0x0000023009d09f80 Uncommon trap: reason=null_check action=make_not_entrant pc=0x0000023019282b88 method=com.google.inject.internal.InjectorImpl.enterContext()Lcom/google/inject/internal/InternalContext; @ 7 c2
Event: 228.609 Thread 0x0000023009d09f80 DEOPT PACKING pc=0x0000023019282b88 sp=0x000000d2757fd320
Event: 228.609 Thread 0x0000023009d09f80 DEOPT UNPACKING pc=0x0000023018b323a3 sp=0x000000d2757fd310 mode 2
Event: 228.611 Thread 0x0000023009d09f80 Uncommon trap: trap_request=0xffffff54 fr.pc=0x00000230192295e0 relative=0x00000000000003a0
Event: 228.611 Thread 0x0000023009d09f80 Uncommon trap: reason=speculate_null_assert action=make_not_entrant pc=0x00000230192295e0 method=org.eclipse.sisu.inject.RankedBindings$Itr.hasNext()Z @ 80 c2
Event: 228.611 Thread 0x0000023009d09f80 DEOPT PACKING pc=0x00000230192295e0 sp=0x000000d2757fda80
Event: 228.612 Thread 0x0000023009d09f80 DEOPT UNPACKING pc=0x0000023018b323a3 sp=0x000000d2757fda58 mode 2
Event: 228.751 Thread 0x0000023009d09f80 DEOPT PACKING pc=0x0000023011be0f0a sp=0x000000d2757fc4f0
Event: 228.751 Thread 0x0000023009d09f80 DEOPT UNPACKING pc=0x0000023018b32b43 sp=0x000000d2757fb9f0 mode 0

Classes unloaded (0 events):
No events

Classes redefined (0 events):
No events

Internal exceptions (20 events):
Event: 220.372 Thread 0x0000023009d09f80 Implicit null exception at 0x00000230190eed2f to 0x00000230190eee94
Event: 220.376 Thread 0x0000023009d09f80 Exception <a 'java/lang/NoSuchMethodError'{0x000000074ca17468}: 'java.lang.Object java.lang.invoke.Invokers$Holder.invokeExact_MT(java.lang.Object, int, java.lang.Object)'> (0x000000074ca17468) 
thrown [s\open\src\hotspot\share\interpreter\linkResolver.cpp, line 759]
Event: 220.441 Thread 0x0000023009d09f80 Exception <a 'java/lang/NoSuchMethodError'{0x000000074caae010}: 'int java.lang.invoke.DirectMethodHandle$Holder.invokeSpecial(java.lang.Object, java.lang.Object, java.lang.Object, java.lang.Object)'> (0x000000074caae010) 
thrown [s\open\src\hotspot\share\interpreter\linkResolver.cpp, line 759]
Event: 221.474 Thread 0x0000023009d09f80 Exception <a 'java/lang/NoClassDefFoundError'{0x000000074c2d2748}: com/google/inject/servlet/ServletModuleTargetVisitor> (0x000000074c2d2748) 
thrown [s\open\src\hotspot\share\classfile\systemDictionary.cpp, line 245]
Event: 221.823 Thread 0x0000023009d09f80 Exception <a 'java/lang/NoSuchMethodError'{0x000000074c151918}: 'void java.lang.invoke.DirectMethodHandle$Holder.invokeVirtual(java.lang.Object, java.lang.Object)'> (0x000000074c151918) 
thrown [s\open\src\hotspot\share\interpreter\linkResolver.cpp, line 759]
Event: 221.940 Thread 0x0000023009d09f80 Exception <a 'java/lang/NoSuchMethodError'{0x000000074c1d9c50}: 'java.lang.Object java.lang.invoke.DirectMethodHandle$Holder.invokeStaticInit(java.lang.Object, int, int, int, int)'> (0x000000074c1d9c50) 
thrown [s\open\src\hotspot\share\interpreter\linkResolver.cpp, line 759]
Event: 222.536 Thread 0x0000023009d09f80 Implicit null exception at 0x0000023019145372 to 0x00000230191459cc
Event: 222.536 Thread 0x0000023009d09f80 Implicit null exception at 0x00000230190b0a72 to 0x00000230190b10ec
Event: 224.380 Thread 0x0000023009d09f80 Exception <a 'java/lang/NoSuchMethodError'{0x000000074a3832a8}: 'int java.lang.invoke.DirectMethodHandle$Holder.invokeSpecialIFC(java.lang.Object, java.lang.Object, java.lang.Object, java.lang.Object)'> (0x000000074a3832a8) 
thrown [s\open\src\hotspot\share\interpreter\linkResolver.cpp, line 759]
Event: 226.925 Thread 0x0000023009d09f80 Implicit null exception at 0x000002301910700f to 0x0000023019107484
Event: 226.926 Thread 0x0000023009d09f80 Implicit null exception at 0x000002301925246f to 0x0000023019252830
Event: 226.926 Thread 0x0000023009d09f80 Implicit null exception at 0x000002301911000f to 0x0000023019110089
Event: 227.130 Thread 0x0000023009d09f80 Exception <a 'java/lang/NoSuchMethodError'{0x0000000746c98250}: 'java.lang.Object java.lang.invoke.DirectMethodHandle$Holder.newInvokeSpecial(java.lang.Object, java.lang.Object, java.lang.Object, java.lang.Object, java.lang.Object, java.lang.Object, java.lang.Object)'> (0x0000000746c98250) 
thrown [s\open\src\hotspot\share\interpreter\linkResolver.cpp, line 759]
Event: 227.131 Thread 0x0000023009d09f80 Exception <a 'java/lang/NoSuchMethodError'{0x0000000746c9ceb8}: 'java.lang.Object java.lang.invoke.Invokers$Holder.linkToTargetMethod(java.lang.Object, java.lang.Object, java.lang.Object, java.lang.Object, java.lang.Object, java.lang.Object, java.lang.Object)'> (0x0000000746c9ceb8) 
thrown [s\open\src\hotspot\share\interpreter\linkResolver.cpp, line 759]
Event: 227.180 Thread 0x0000023009d09f80 Implicit null exception at 0x0000023019297266 to 0x0000023019297f78
Event: 227.662 Thread 0x0000023009d09f80 Implicit null exception at 0x00000230192b6786 to 0x00000230192b7838
Event: 228.609 Thread 0x0000023009d09f80 Implicit null exception at 0x00000230192823d4 to 0x0000023019282b78
Event: 228.641 Thread 0x0000023009d09f80 Exception <a 'java/lang/NoSuchMethodError'{0x000000074c508488}: 'java.lang.Object java.lang.invoke.DirectMethodHandle$Holder.invokeVirtual(java.lang.Object, java.lang.Object, java.lang.Object)'> (0x000000074c508488) 
thrown [s\open\src\hotspot\share\interpreter\linkResolver.cpp, line 759]
Event: 228.643 Thread 0x0000023009d09f80 Exception <a 'java/lang/NoSuchMethodError'{0x000000074c50fa80}: 'void java.lang.invoke.DirectMethodHandle$Holder.invokeSpecial(java.lang.Object, java.lang.Object, java.lang.Object, java.lang.Object, java.lang.Object, java.lang.Object)'> (0x000000074c50fa80) 
thrown [s\open\src\hotspot\share\interpreter\linkResolver.cpp, line 759]
Event: 228.647 Thread 0x0000023009d09f80 Exception <a 'java/lang/NoSuchMethodError'{0x000000074c51b060}: 'int java.lang.invoke.DirectMethodHandle$Holder.invokeVirtual(java.lang.Object, java.lang.Object)'> (0x000000074c51b060) 
thrown [s\open\src\hotspot\share\interpreter\linkResolver.cpp, line 759]

VM Operations (20 events):
Event: 222.659 Executing VM operation: HandshakeAllThreads
Event: 222.659 Executing VM operation: HandshakeAllThreads done
Event: 222.660 Executing VM operation: HandshakeAllThreads
Event: 222.660 Executing VM operation: HandshakeAllThreads done
Event: 223.646 Executing VM operation: HandshakeAllThreads
Event: 223.649 Executing VM operation: HandshakeAllThreads done
Event: 223.649 Executing VM operation: Cleanup
Event: 223.650 Executing VM operation: Cleanup done
Event: 224.650 Executing VM operation: Cleanup
Event: 224.650 Executing VM operation: Cleanup done
Event: 225.651 Executing VM operation: Cleanup
Event: 225.652 Executing VM operation: Cleanup done
Event: 226.652 Executing VM operation: Cleanup
Event: 226.653 Executing VM operation: Cleanup done
Event: 227.580 Executing VM operation: G1CollectForAllocation
Event: 227.602 Executing VM operation: G1CollectForAllocation done
Event: 228.602 Executing VM operation: Cleanup
Event: 228.602 Executing VM operation: Cleanup done
Event: 229.603 Executing VM operation: Cleanup
Event: 229.610 Executing VM operation: Cleanup done

Events (20 events):
Event: 228.573 loading class org/w3c/dom/Document done
Event: 228.573 loading class org/w3c/dom/Element
Event: 228.573 loading class org/w3c/dom/Element done
Event: 228.618 loading class java/lang/invoke/MethodHandle$1
Event: 228.618 loading class java/lang/invoke/MethodHandle$1 done
Event: 228.631 loading class java/util/stream/MatchOps$MatchKind
Event: 228.631 loading class java/util/stream/MatchOps$MatchKind done
Event: 228.631 loading class java/util/stream/MatchOps
Event: 228.632 loading class java/util/stream/MatchOps done
Event: 228.632 loading class java/util/stream/MatchOps$MatchOp
Event: 228.632 loading class java/util/stream/MatchOps$MatchOp done
Event: 228.632 loading class java/util/stream/MatchOps$BooleanTerminalSink
Event: 228.633 loading class java/util/stream/MatchOps$BooleanTerminalSink done
Event: 228.633 loading class java/util/stream/MatchOps$1MatchSink
Event: 228.633 loading class java/util/stream/MatchOps$1MatchSink done
Event: 228.676 loading class java/net/URISyntaxException
Event: 228.676 loading class java/net/URISyntaxException done
Event: 228.713 loading class jdk/internal/reflect/UnsafeBooleanFieldAccessorImpl
Event: 228.714 loading class jdk/internal/reflect/UnsafeBooleanFieldAccessorImpl done
Event: 228.985 Thread 0x00000230700e9150 Thread added: 0x00000230700e9150


Dynamic libraries:
0x00007ff7d1f80000 - 0x00007ff7d1f90000 	C:\Program Files\Java\jdk-17\bin\java.exe
0x00007ffa59c50000 - 0x00007ffa59e48000 	C:\WINDOWS\SYSTEM32\ntdll.dll
0x00007ffa58780000 - 0x00007ffa58842000 	C:\WINDOWS\System32\KERNEL32.DLL
0x00007ffa574b0000 - 0x00007ffa577ae000 	C:\WINDOWS\System32\KERNELBASE.dll
0x00007ffa57ac0000 - 0x00007ffa57bc0000 	C:\WINDOWS\System32\ucrtbase.dll
0x00007ffa35d00000 - 0x00007ffa35d19000 	C:\Program Files\Java\jdk-17\bin\jli.dll
0x00007ffa586a0000 - 0x00007ffa58752000 	C:\WINDOWS\System32\ADVAPI32.dll
0x00007ffa590c0000 - 0x00007ffa5915e000 	C:\WINDOWS\System32\msvcrt.dll
0x00007ffa59020000 - 0x00007ffa590c0000 	C:\WINDOWS\System32\sechost.dll
0x00007ffa57c70000 - 0x00007ffa57d93000 	C:\WINDOWS\System32\RPCRT4.dll
0x00007ffa57450000 - 0x00007ffa57477000 	C:\WINDOWS\System32\bcrypt.dll
0x00007ffa58cd0000 - 0x00007ffa58e6d000 	C:\WINDOWS\System32\USER32.dll
0x00007ffa57480000 - 0x00007ffa574a2000 	C:\WINDOWS\System32\win32u.dll
0x00007ffa58c80000 - 0x00007ffa58cab000 	C:\WINDOWS\System32\GDI32.dll
0x00007ffa578c0000 - 0x00007ffa579d7000 	C:\WINDOWS\System32\gdi32full.dll
0x00007ffa577b0000 - 0x00007ffa5784d000 	C:\WINDOWS\System32\msvcp_win.dll
0x00007ffa35ce0000 - 0x00007ffa35cfb000 	C:\Program Files\Java\jdk-17\bin\VCRUNTIME140.dll
0x00007ffa43620000 - 0x00007ffa438ba000 	C:\WINDOWS\WinSxS\amd64_microsoft.windows.common-controls_6595b64144ccf1df_6.0.19041.4355_none_60b8b9eb71f62e16\COMCTL32.dll
0x00007ffa51470000 - 0x00007ffa5147a000 	C:\WINDOWS\SYSTEM32\VERSION.dll
0x00007ffa59be0000 - 0x00007ffa59c0f000 	C:\WINDOWS\System32\IMM32.DLL
0x00007ffa29a30000 - 0x00007ffa29a3c000 	C:\Program Files\Java\jdk-17\bin\vcruntime140_1.dll
0x00007ffa1bd60000 - 0x00007ffa1bdee000 	C:\Program Files\Java\jdk-17\bin\msvcp140.dll
0x00007ff9aaf10000 - 0x00007ff9abaee000 	C:\Program Files\Java\jdk-17\bin\server\jvm.dll
0x00007ffa58760000 - 0x00007ffa58768000 	C:\WINDOWS\System32\PSAPI.DLL
0x00007ffa3b1f0000 - 0x00007ffa3b1f9000 	C:\WINDOWS\SYSTEM32\WSOCK32.dll
0x00007ffa589a0000 - 0x00007ffa58a0b000 	C:\WINDOWS\System32\WS2_32.dll
0x00007ffa3fa90000 - 0x00007ffa3fab7000 	C:\WINDOWS\SYSTEM32\WINMM.dll
0x00007ffa55b00000 - 0x00007ffa55b12000 	C:\WINDOWS\SYSTEM32\kernel.appcore.dll
0x00007ffa29a20000 - 0x00007ffa29a2a000 	C:\Program Files\Java\jdk-17\bin\jimage.dll
0x00007ffa55030000 - 0x00007ffa55214000 	C:\WINDOWS\SYSTEM32\DBGHELP.DLL
0x00007ffa3d4d0000 - 0x00007ffa3d504000 	C:\WINDOWS\SYSTEM32\dbgcore.DLL
0x00007ffa579e0000 - 0x00007ffa57a62000 	C:\WINDOWS\System32\bcryptPrimitives.dll
0x00007ffa40f90000 - 0x00007ffa40f9e000 	C:\Program Files\Java\jdk-17\bin\instrument.dll
0x00007ffa299f0000 - 0x00007ffa29a15000 	C:\Program Files\Java\jdk-17\bin\java.dll
0x00007ffa0c9c0000 - 0x00007ffa0ca97000 	C:\Program Files\Java\jdk-17\bin\jsvml.dll
0x00007ffa57da0000 - 0x00007ffa5850f000 	C:\WINDOWS\System32\SHELL32.dll
0x00007ffa55310000 - 0x00007ffa55ab4000 	C:\WINDOWS\SYSTEM32\windows.storage.dll
0x00007ffa592a0000 - 0x00007ffa595f3000 	C:\WINDOWS\System32\combase.dll
0x00007ffa56d20000 - 0x00007ffa56d4e000 	C:\WINDOWS\SYSTEM32\Wldp.dll
0x00007ffa58850000 - 0x00007ffa5891d000 	C:\WINDOWS\System32\OLEAUT32.dll
0x00007ffa59600000 - 0x00007ffa596ad000 	C:\WINDOWS\System32\SHCORE.dll
0x00007ffa58640000 - 0x00007ffa58695000 	C:\WINDOWS\System32\shlwapi.dll
0x00007ffa57220000 - 0x00007ffa57244000 	C:\WINDOWS\SYSTEM32\profapi.dll
0x00007ffa205b0000 - 0x00007ffa205c8000 	C:\Program Files\Java\jdk-17\bin\zip.dll
0x00007ffa20fa0000 - 0x00007ffa20fb9000 	C:\Program Files\Java\jdk-17\bin\net.dll
0x00007ffa4e080000 - 0x00007ffa4e18d000 	C:\WINDOWS\SYSTEM32\WINHTTP.dll
0x00007ffa56a30000 - 0x00007ffa56a9a000 	C:\WINDOWS\system32\mswsock.dll
0x00007ffa20890000 - 0x00007ffa208a6000 	C:\Program Files\Java\jdk-17\bin\nio.dll
0x00007ffa268b0000 - 0x00007ffa268ca000 	C:\Program Files\JetBrains\IntelliJ IDEA 2023.2.1\bin\breakgen64.dll
0x0000000069ac0000 - 0x0000000069ae4000 	C:\Users\sghai\AppData\Local\Temp\jansi-2.4.0-2c2eb996c1db0a58-jansi.dll
0x00007ffa20a30000 - 0x00007ffa20a40000 	C:\Program Files\Java\jdk-17\bin\verify.dll

dbghelp: loaded successfully - version: 4.0.5 - missing functions: none
symbol engine: initialized successfully - sym options: 0x614 - pdb path: .;C:\Program Files\Java\jdk-17\bin;C:\WINDOWS\SYSTEM32;C:\WINDOWS\WinSxS\amd64_microsoft.windows.common-controls_6595b64144ccf1df_6.0.19041.4355_none_60b8b9eb71f62e16;C:\Program Files\Java\jdk-17\bin\server;C:\Program Files\JetBrains\IntelliJ IDEA 2023.2.1\bin;C:\Users\sghai\AppData\Local\Temp

VM Arguments:
jvm_args: -Dmaven.multiModuleProjectDirectory=D:\Users\sghai\Desktop\AyaSghaier-5SAE7-G5\5SAE7-G5-Kaddem\5 SAE 7-G5-KADDEM -Djansi.passthrough=true -Dmaven.home=C:\Program Files\JetBrains\IntelliJ IDEA 2023.2.1\plugins\maven\lib\maven3 -Dclassworlds.conf=C:\Program Files\JetBrains\IntelliJ IDEA 2023.2.1\plugins\maven\lib\maven3\bin\m2.conf -Dmaven.ext.class.path=C:\Program Files\JetBrains\IntelliJ IDEA 2023.2.1\plugins\maven\lib\maven-event-listener.jar -javaagent:C:\Program Files\JetBrains\IntelliJ IDEA 2023.2.1\lib\idea_rt.jar=54022:C:\Program Files\JetBrains\IntelliJ IDEA 2023.2.1\bin -Dfile.encoding=UTF-8 
java_command: org.codehaus.classworlds.Launcher -Didea.version=2023.2.1 compile
java_class_path (initial): C:\Program Files\JetBrains\IntelliJ IDEA 2023.2.1\plugins\maven\lib\maven3\boot\plexus-classworlds-2.7.0.jar;C:\Program Files\JetBrains\IntelliJ IDEA 2023.2.1\plugins\maven\lib\maven3\boot\plexus-classworlds.license
Launcher Type: SUN_STANDARD

[Global flags]
     intx CICompilerCount                          = 3                                         {product} {ergonomic}
     uint ConcGCThreads                            = 1                                         {product} {ergonomic}
     uint G1ConcRefinementThreads                  = 4                                         {product} {ergonomic}
   size_t G1HeapRegionSize                         = 2097152                                   {product} {ergonomic}
    uintx GCDrainStackTargetSize                   = 64                                        {product} {ergonomic}
   size_t InitialHeapSize                          = 201326592                                 {product} {ergonomic}
   size_t MarkStackSize                            = 4194304                                   {product} {ergonomic}
   size_t MaxHeapSize                              = 3200253952                                {product} {ergonomic}
   size_t MaxNewSize                               = 1918894080                                {product} {ergonomic}
   size_t MinHeapDeltaBytes                        = 2097152                                   {product} {ergonomic}
   size_t MinHeapSize                              = 8388608                                   {product} {ergonomic}
    uintx NonNMethodCodeHeapSize                   = 5832780                                {pd product} {ergonomic}
    uintx NonProfiledCodeHeapSize                  = 122912730                              {pd product} {ergonomic}
    uintx ProfiledCodeHeapSize                     = 122912730                              {pd product} {ergonomic}
    uintx ReservedCodeCacheSize                    = 251658240                              {pd product} {ergonomic}
     bool SegmentedCodeCache                       = true                                      {product} {ergonomic}
   size_t SoftMaxHeapSize                          = 3200253952                             {manageable} {ergonomic}
     bool UseCompressedClassPointers               = true                           {product lp64_product} {ergonomic}
     bool UseCompressedOops                        = true                           {product lp64_product} {ergonomic}
     bool UseG1GC                                  = true                                      {product} {ergonomic}
     bool UseLargePagesIndividualAllocation        = false                                  {pd product} {ergonomic}

Logging:
Log output configuration:
 #0: stdout all=warning uptime,level,tags
 #1: stderr all=off uptime,level,tags

Environment Variables:
PATH=C:\oraclexe\app\oracle\product\11.2.0\server\bin;;C:\Program Files (x86)\VMware\VMware Workstation\bin\;C:\oraclexe\app\oracle\product\11.2.0\server\bin;C:\Program Files (x86)\Common Files\Oracle\Java\javapath;C:\WINDOWS\system32;C:\WINDOWS;C:\WINDOWS\System32\Wbem;C:\WINDOWS\System32\WindowsPowerShell\v1.0\;C:\WINDOWS\System32\OpenSSH\;C:\Program Files\Microsoft SQL Server\130\Tools\Binn\;C:\Users\sghai\AppData\Local\Programs\Python\Python310;C:\Users\sghai\AppData\Local\Programs\Python\Python310\Lib\site-packages\pip;C:\Program Files\Git\cmd;C:\xampp\php;C:\Program Files\Java\jdk1.8.0_301\bin;C:\composer;C:\Program Files (x86)\GnuWin32\bin;C:\Program Files (x86)\CodeBlocks\MinGW\bin;C:\Program Files\Microsoft SQL Server\150\Tools\Binn\;C:\Users\sghai\AppData\Local\Pub\Cache\bin;d:\Users\sghai\Documents\flutter\bin;C:\Program Files (x86)\AOMEI\AOMEI Backupper 6.0.0;C:\Program Files\Java\jdk-17\bin;C:\Program Files\Microsoft SQL Server\Client SDK\ODBC\170\Tools\Binn\;C:\Program Files\dotnet\;C:\Program Files\nodejs\;C:\Program Files (x86)\Microsoft SQL Server\110\Tools\Binn\;C:\Program Files (x86)\Microsoft SQL Server\110\DTS\Binn\;C:\Program Files (x86)\Microsoft SQL Server\110\Tools\Binn\ManagementStudio\;C:\Program Files (x86)\Microsoft Visual Studio 10.0\Common7\IDE\PrivateAssemblies\;C:\Program Files\Git LFS;C:\Program Files\Vagrant\bin;C:\Users\sghai\scoop\shims;C:\Program Files\MySQL\MySQL Shell 8.0\bin\;C:\Users\sghai\AppData\Local\Microsoft\WindowsApps;C:\Users\sghai\AppData\Local\Programs\Microsoft VS Code\bin;C:\Users\sghai\AppData\Roaming\Composer\vendor\bin;C:\Program Files\JetBrains\PyCharm Community Edition 2021.3.3\bin;C:\Users\sghai\AppData\Local\Programs\Python\Python310;C:\Users\sghai\AppData\Local\Programs\Python\Python310\Lib\site-packages\pip;C:\Program Files\JetBrains\PyCharm 2021.3.3\bin;C:\Users\sghai\AppData\Local\Pub\Cache\bin;d:\Users\sghai\Documents\flutter\bin;C:\Program Files\JetBrains\IntelliJ IDEA 2023.2.1\bin;;C:\Users\sghai\.dotn
USERNAME=sghai
OS=Windows_NT
PROCESSOR_IDENTIFIER=Intel64 Family 6 Model 142 Stepping 9, GenuineIntel



---------------  S Y S T E M  ---------------

OS:
 Windows 10 , 64 bit Build 19041 (10.0.19041.4957)
OS uptime: 6 days 6:30 hours
Hyper-V role detected

CPU: total 4 (initial active 4) (2 cores per cpu, 2 threads per core) family 6 model 142 stepping 9 microcode 0xb4, cx8, cmov, fxsr, ht, mmx, 3dnowpref, sse, sse2, sse3, ssse3, sse4.1, sse4.2, popcnt, lzcnt, tsc, tscinvbit, avx, avx2, aes, erms, clmul, bmi1, bmi2, adx, fma, vzeroupper, clflush, clflushopt, hv

Memory: 4k page, system-wide physical 12203M (1094M free)
TotalPageFile size 49067M (AvailPageFile size 334M)
current process WorkingSet (physical memory assigned to process): 212M, peak: 213M
current process commit charge ("private bytes"): 328M, peak: 330M

vm_info: Java HotSpot(TM) 64-Bit Server VM (17.0.8+9-LTS-211) for windows-amd64 JRE (17.0.8+9-LTS-211), built on Jun 14 2023 10:34:31 by "mach5one" with MS VC++ 17.1 (VS2022)

END.
