#
# There is insufficient memory for the Java Runtime Environment to continue.
# Native memory allocation (malloc) failed to allocate 636656 bytes for Chunk::new
# Possible reasons:
#   The system is out of physical RAM or swap space
#   The process is running with CompressedOops enabled, and the Java Heap may be blocking the growth of the native heap
# Possible solutions:
#   Reduce memory load on the system
#   Increase physical memory or swap space
#   Check if swap backing store is full
#   Decrease Java heap size (-Xmx/-Xms)
#   Decrease number of Java threads
#   Decrease Java thread stack sizes (-Xss)
#   Set larger code cache with -XX:ReservedCodeCacheSize=
#   JVM is running with Zero Based Compressed Oops mode in which the Java heap is
#     placed in the first 32GB address space. The Java Heap base address is the
#     maximum limit for the native heap growth. Please use -XX:HeapBaseMinAddress
#     to set the Java Heap base and to place the Java Heap above 32GB virtual address.
# This output file may be truncated or incomplete.
#
#  Out of Memory Error (arena.cpp:189), pid=2728, tid=18776
#
# JRE version: Java(TM) SE Runtime Environment (17.0.8+9) (build 17.0.8+9-LTS-211)
# Java VM: Java HotSpot(TM) 64-Bit Server VM (17.0.8+9-LTS-211, mixed mode, sharing, tiered, compressed oops, compressed class ptrs, g1 gc, windows-amd64)
# No core dump will be written. Minidumps are not enabled by default on client versions of Windows
#

---------------  S U M M A R Y ------------

Command Line: -Dmaven.multiModuleProjectDirectory=D:\Users\sghai\Desktop\AyaSghaier-5SAE7-G5\5SAE7-G5-Kaddem\5 SAE 7-G5-KADDEM -Djansi.passthrough=true -Dmaven.home=C:\Program Files\JetBrains\IntelliJ IDEA 2023.2.1\plugins\maven\lib\maven3 -Dclassworlds.conf=C:\Program Files\JetBrains\IntelliJ IDEA 2023.2.1\plugins\maven\lib\maven3\bin\m2.conf -Dmaven.ext.class.path=C:\Program Files\JetBrains\IntelliJ IDEA 2023.2.1\plugins\maven\lib\maven-event-listener.jar -javaagent:C:\Program Files\JetBrains\IntelliJ IDEA 2023.2.1\lib\idea_rt.jar=53952:C:\Program Files\JetBrains\IntelliJ IDEA 2023.2.1\bin -Dfile.encoding=UTF-8 org.codehaus.classworlds.Launcher -Didea.version=2023.2.1 compile

Host: Intel(R) Core(TM) i3-7020U CPU @ 2.30GHz, 4 cores, 11G,  Windows 10 , 64 bit Build 19041 (10.0.19041.4957)
Time: Wed Nov  6 22:19:39 2024 Afr. centrale Ouest elapsed time: 262.549449 seconds (0d 0h 4m 22s)

---------------  T H R E A D  ---------------

Current thread (0x0000025a7fb15df0):  JavaThread "C2 CompilerThread0" daemon [_thread_in_native, id=18776, stack(0x00000078aef00000,0x00000078af000000)]


Current CompileTask:
C2: 262550 3019       4       org.apache.maven.model.Dependency::getManagementKey (94 bytes)

Stack: [0x00000078aef00000,0x00000078af000000]
Native frames: (J=compiled Java code, j=interpreted, Vv=VM code, C=native code)
V  [jvm.dll+0x677d0a]
V  [jvm.dll+0x7d8c54]
V  [jvm.dll+0x7da3fe]
V  [jvm.dll+0x7daa63]
V  [jvm.dll+0x245c5f]
V  [jvm.dll+0xaaa6b]
V  [jvm.dll+0xab00c]
V  [jvm.dll+0x361e3f]
V  [jvm.dll+0x32c551]
V  [jvm.dll+0x32b9ea]
V  [jvm.dll+0x217fff]
V  [jvm.dll+0x217431]
V  [jvm.dll+0x1a3af0]
V  [jvm.dll+0x2270be]
V  [jvm.dll+0x22535b]
V  [jvm.dll+0x78e7bc]
V  [jvm.dll+0x788bba]
V  [jvm.dll+0x676b35]
C  [ucrtbase.dll+0x21bb2]
C  [KERNEL32.DLL+0x17374]
C  [ntdll.dll+0x4cc91]


---------------  P R O C E S S  ---------------

Threads class SMR info:
_java_thread_list=0x0000025a1bb26230, length=13, elements={
0x0000025a79469e80, 0x0000025a7faf8630, 0x0000025a7faf94a0, 0x0000025a7fb11330,
0x0000025a7fb13d00, 0x0000025a7fb146b0, 0x0000025a7fb15060, 0x0000025a7fb15df0,
0x0000025a7fb16890, 0x0000025a7fb7e950, 0x0000025a7fae3450, 0x0000025a1b9c76a0,
0x0000025a1b9c7b70
}

Java Threads: ( => current thread )
  0x0000025a79469e80 JavaThread "main" [_thread_in_Java, id=30804, stack(0x00000078ae100000,0x00000078ae200000)]
  0x0000025a7faf8630 JavaThread "Reference Handler" daemon [_thread_blocked, id=23692, stack(0x00000078ae900000,0x00000078aea00000)]
  0x0000025a7faf94a0 JavaThread "Finalizer" daemon [_thread_blocked, id=20160, stack(0x00000078aea00000,0x00000078aeb00000)]
  0x0000025a7fb11330 JavaThread "Signal Dispatcher" daemon [_thread_blocked, id=40768, stack(0x00000078aeb00000,0x00000078aec00000)]
  0x0000025a7fb13d00 JavaThread "Attach Listener" daemon [_thread_blocked, id=46040, stack(0x00000078aec00000,0x00000078aed00000)]
  0x0000025a7fb146b0 JavaThread "Service Thread" daemon [_thread_blocked, id=47420, stack(0x00000078aed00000,0x00000078aee00000)]
  0x0000025a7fb15060 JavaThread "Monitor Deflation Thread" daemon [_thread_blocked, id=1760, stack(0x00000078aee00000,0x00000078aef00000)]
=>0x0000025a7fb15df0 JavaThread "C2 CompilerThread0" daemon [_thread_in_native, id=18776, stack(0x00000078aef00000,0x00000078af000000)]
  0x0000025a7fb16890 JavaThread "C1 CompilerThread0" daemon [_thread_blocked, id=6268, stack(0x00000078af000000,0x00000078af100000)]
  0x0000025a7fb7e950 JavaThread "Sweeper thread" daemon [_thread_blocked, id=17512, stack(0x00000078af100000,0x00000078af200000)]
  0x0000025a7fae3450 JavaThread "Common-Cleaner" daemon [_thread_blocked, id=2664, stack(0x00000078af200000,0x00000078af300000)]
  0x0000025a1b9c76a0 JavaThread "Monitor Ctrl-Break" daemon [_thread_in_native, id=20100, stack(0x00000078af300000,0x00000078af400000)]
  0x0000025a1b9c7b70 JavaThread "Notification Thread" daemon [_thread_blocked, id=22516, stack(0x00000078af400000,0x00000078af500000)]

Other Threads:
  0x0000025a7faf29d0 VMThread "VM Thread" [stack: 0x00000078ae800000,0x00000078ae900000] [id=39968]
  0x0000025a7fb042f0 WatcherThread [stack: 0x00000078af500000,0x00000078af600000] [id=2440]
  0x0000025a794c1fa0 GCTaskThread "GC Thread#0" [stack: 0x00000078ae300000,0x00000078ae400000] [id=26836]
  0x0000025a7fb5a3e0 GCTaskThread "GC Thread#1" [stack: 0x00000078af600000,0x00000078af700000] [id=32028]
  0x0000025a1b960d20 GCTaskThread "GC Thread#2" [stack: 0x00000078af700000,0x00000078af800000] [id=34508]
  0x0000025a1b960fd0 GCTaskThread "GC Thread#3" [stack: 0x00000078af800000,0x00000078af900000] [id=15728]
  0x0000025a794ceda0 ConcurrentGCThread "G1 Main Marker" [stack: 0x00000078ae400000,0x00000078ae500000] [id=47316]
  0x0000025a794cf7b0 ConcurrentGCThread "G1 Conc#0" [stack: 0x00000078ae500000,0x00000078ae600000] [id=31128]
  0x0000025a7952f0b0 ConcurrentGCThread "G1 Refine#0" [stack: 0x00000078ae600000,0x00000078ae700000] [id=47140]
  0x0000025a7952fad0 ConcurrentGCThread "G1 Service" [stack: 0x00000078ae700000,0x00000078ae800000] [id=8704]

Threads with active compile tasks:
C2 CompilerThread0   262697 3019       4       org.apache.maven.model.Dependency::getManagementKey (94 bytes)

VM state: not at safepoint (normal execution)

VM Mutex/Monitor currently owned by a thread: None

Heap address: 0x0000000741400000, size: 3052 MB, Compressed Oops mode: Zero based, Oop shift amount: 3

CDS archive(s) mapped at: [0x0000025a1c000000-0x0000025a1cbd0000-0x0000025a1cbd0000), size 12386304, SharedBaseAddress: 0x0000025a1c000000, ArchiveRelocationMode: 1.
Compressed class space mapped at: 0x0000025a1d000000-0x0000025a5d000000, reserved size: 1073741824
Narrow klass base: 0x0000025a1c000000, Narrow klass shift: 0, Narrow klass range: 0x100000000

GC Precious Log:
 CPUs: 4 total, 4 available
 Memory: 12203M
 Large Page Support: Disabled
 NUMA Support: Disabled
 Compressed Oops: Enabled (Zero based)
 Heap Region Size: 2M
 Heap Min Capacity: 8M
 Heap Initial Capacity: 192M
 Heap Max Capacity: 3052M
 Pre-touch: Disabled
 Parallel Workers: 4
 Concurrent Workers: 1
 Concurrent Refinement Workers: 4
 Periodic GC: Disabled

Heap:
 garbage-first heap   total 196608K, used 42196K [0x0000000741400000, 0x0000000800000000)
  region size 2048K, 20 young (40960K), 1 survivors (2048K)
 Metaspace       used 14942K, committed 15168K, reserved 1114112K
  class space    used 1792K, committed 1920K, reserved 1048576K

Heap Regions: E=young(eden), S=young(survivor), O=old, HS=humongous(starts), HC=humongous(continues), CS=collection set, F=free, OA=open archive, CA=closed archive, TAMS=top-at-mark-start (previous, next)
|   0|0x0000000741400000, 0x0000000741600000, 0x0000000741600000|100%| O|  |TAMS 0x0000000741400000, 0x0000000741400000| Untracked 
|   1|0x0000000741600000, 0x0000000741749200, 0x0000000741800000| 64%| O|  |TAMS 0x0000000741600000, 0x0000000741600000| Untracked 
|   2|0x0000000741800000, 0x0000000741800000, 0x0000000741a00000|  0%| F|  |TAMS 0x0000000741800000, 0x0000000741800000| Untracked 
|   3|0x0000000741a00000, 0x0000000741a00000, 0x0000000741c00000|  0%| F|  |TAMS 0x0000000741a00000, 0x0000000741a00000| Untracked 
|   4|0x0000000741c00000, 0x0000000741c00000, 0x0000000741e00000|  0%| F|  |TAMS 0x0000000741c00000, 0x0000000741c00000| Untracked 
|   5|0x0000000741e00000, 0x0000000741e00000, 0x0000000742000000|  0%| F|  |TAMS 0x0000000741e00000, 0x0000000741e00000| Untracked 
|   6|0x0000000742000000, 0x0000000742000000, 0x0000000742200000|  0%| F|  |TAMS 0x0000000742000000, 0x0000000742000000| Untracked 
|   7|0x0000000742200000, 0x0000000742200000, 0x0000000742400000|  0%| F|  |TAMS 0x0000000742200000, 0x0000000742200000| Untracked 
|   8|0x0000000742400000, 0x0000000742400000, 0x0000000742600000|  0%| F|  |TAMS 0x0000000742400000, 0x0000000742400000| Untracked 
|   9|0x0000000742600000, 0x0000000742600000, 0x0000000742800000|  0%| F|  |TAMS 0x0000000742600000, 0x0000000742600000| Untracked 
|  10|0x0000000742800000, 0x0000000742800000, 0x0000000742a00000|  0%| F|  |TAMS 0x0000000742800000, 0x0000000742800000| Untracked 
|  11|0x0000000742a00000, 0x0000000742a00000, 0x0000000742c00000|  0%| F|  |TAMS 0x0000000742a00000, 0x0000000742a00000| Untracked 
|  12|0x0000000742c00000, 0x0000000742c00000, 0x0000000742e00000|  0%| F|  |TAMS 0x0000000742c00000, 0x0000000742c00000| Untracked 
|  13|0x0000000742e00000, 0x0000000742e00000, 0x0000000743000000|  0%| F|  |TAMS 0x0000000742e00000, 0x0000000742e00000| Untracked 
|  14|0x0000000743000000, 0x0000000743000000, 0x0000000743200000|  0%| F|  |TAMS 0x0000000743000000, 0x0000000743000000| Untracked 
|  15|0x0000000743200000, 0x0000000743200000, 0x0000000743400000|  0%| F|  |TAMS 0x0000000743200000, 0x0000000743200000| Untracked 
|  16|0x0000000743400000, 0x0000000743400000, 0x0000000743600000|  0%| F|  |TAMS 0x0000000743400000, 0x0000000743400000| Untracked 
|  17|0x0000000743600000, 0x0000000743600000, 0x0000000743800000|  0%| F|  |TAMS 0x0000000743600000, 0x0000000743600000| Untracked 
|  18|0x0000000743800000, 0x0000000743800000, 0x0000000743a00000|  0%| F|  |TAMS 0x0000000743800000, 0x0000000743800000| Untracked 
|  19|0x0000000743a00000, 0x0000000743a00000, 0x0000000743c00000|  0%| F|  |TAMS 0x0000000743a00000, 0x0000000743a00000| Untracked 
|  20|0x0000000743c00000, 0x0000000743c00000, 0x0000000743e00000|  0%| F|  |TAMS 0x0000000743c00000, 0x0000000743c00000| Untracked 
|  21|0x0000000743e00000, 0x0000000743e00000, 0x0000000744000000|  0%| F|  |TAMS 0x0000000743e00000, 0x0000000743e00000| Untracked 
|  22|0x0000000744000000, 0x0000000744000000, 0x0000000744200000|  0%| F|  |TAMS 0x0000000744000000, 0x0000000744000000| Untracked 
|  23|0x0000000744200000, 0x0000000744200000, 0x0000000744400000|  0%| F|  |TAMS 0x0000000744200000, 0x0000000744200000| Untracked 
|  24|0x0000000744400000, 0x0000000744400000, 0x0000000744600000|  0%| F|  |TAMS 0x0000000744400000, 0x0000000744400000| Untracked 
|  25|0x0000000744600000, 0x0000000744600000, 0x0000000744800000|  0%| F|  |TAMS 0x0000000744600000, 0x0000000744600000| Untracked 
|  26|0x0000000744800000, 0x0000000744800000, 0x0000000744a00000|  0%| F|  |TAMS 0x0000000744800000, 0x0000000744800000| Untracked 
|  27|0x0000000744a00000, 0x0000000744a00000, 0x0000000744c00000|  0%| F|  |TAMS 0x0000000744a00000, 0x0000000744a00000| Untracked 
|  28|0x0000000744c00000, 0x0000000744c00000, 0x0000000744e00000|  0%| F|  |TAMS 0x0000000744c00000, 0x0000000744c00000| Untracked 
|  29|0x0000000744e00000, 0x0000000744e00000, 0x0000000745000000|  0%| F|  |TAMS 0x0000000744e00000, 0x0000000744e00000| Untracked 
|  30|0x0000000745000000, 0x0000000745000000, 0x0000000745200000|  0%| F|  |TAMS 0x0000000745000000, 0x0000000745000000| Untracked 
|  31|0x0000000745200000, 0x0000000745200000, 0x0000000745400000|  0%| F|  |TAMS 0x0000000745200000, 0x0000000745200000| Untracked 
|  32|0x0000000745400000, 0x0000000745400000, 0x0000000745600000|  0%| F|  |TAMS 0x0000000745400000, 0x0000000745400000| Untracked 
|  33|0x0000000745600000, 0x0000000745600000, 0x0000000745800000|  0%| F|  |TAMS 0x0000000745600000, 0x0000000745600000| Untracked 
|  34|0x0000000745800000, 0x0000000745800000, 0x0000000745a00000|  0%| F|  |TAMS 0x0000000745800000, 0x0000000745800000| Untracked 
|  35|0x0000000745a00000, 0x0000000745a00000, 0x0000000745c00000|  0%| F|  |TAMS 0x0000000745a00000, 0x0000000745a00000| Untracked 
|  36|0x0000000745c00000, 0x0000000745c00000, 0x0000000745e00000|  0%| F|  |TAMS 0x0000000745c00000, 0x0000000745c00000| Untracked 
|  37|0x0000000745e00000, 0x0000000745e00000, 0x0000000746000000|  0%| F|  |TAMS 0x0000000745e00000, 0x0000000745e00000| Untracked 
|  38|0x0000000746000000, 0x0000000746000000, 0x0000000746200000|  0%| F|  |TAMS 0x0000000746000000, 0x0000000746000000| Untracked 
|  39|0x0000000746200000, 0x0000000746200000, 0x0000000746400000|  0%| F|  |TAMS 0x0000000746200000, 0x0000000746200000| Untracked 
|  40|0x0000000746400000, 0x0000000746400000, 0x0000000746600000|  0%| F|  |TAMS 0x0000000746400000, 0x0000000746400000| Untracked 
|  41|0x0000000746600000, 0x0000000746600000, 0x0000000746800000|  0%| F|  |TAMS 0x0000000746600000, 0x0000000746600000| Untracked 
|  42|0x0000000746800000, 0x0000000746800000, 0x0000000746a00000|  0%| F|  |TAMS 0x0000000746800000, 0x0000000746800000| Untracked 
|  43|0x0000000746a00000, 0x0000000746a00000, 0x0000000746c00000|  0%| F|  |TAMS 0x0000000746a00000, 0x0000000746a00000| Untracked 
|  44|0x0000000746c00000, 0x0000000746c00000, 0x0000000746e00000|  0%| F|  |TAMS 0x0000000746c00000, 0x0000000746c00000| Untracked 
|  45|0x0000000746e00000, 0x0000000746e00000, 0x0000000747000000|  0%| F|  |TAMS 0x0000000746e00000, 0x0000000746e00000| Untracked 
|  46|0x0000000747000000, 0x0000000747000000, 0x0000000747200000|  0%| F|  |TAMS 0x0000000747000000, 0x0000000747000000| Untracked 
|  47|0x0000000747200000, 0x0000000747200000, 0x0000000747400000|  0%| F|  |TAMS 0x0000000747200000, 0x0000000747200000| Untracked 
|  48|0x0000000747400000, 0x0000000747400000, 0x0000000747600000|  0%| F|  |TAMS 0x0000000747400000, 0x0000000747400000| Untracked 
|  49|0x0000000747600000, 0x0000000747600000, 0x0000000747800000|  0%| F|  |TAMS 0x0000000747600000, 0x0000000747600000| Untracked 
|  50|0x0000000747800000, 0x0000000747800000, 0x0000000747a00000|  0%| F|  |TAMS 0x0000000747800000, 0x0000000747800000| Untracked 
|  51|0x0000000747a00000, 0x0000000747a00000, 0x0000000747c00000|  0%| F|  |TAMS 0x0000000747a00000, 0x0000000747a00000| Untracked 
|  52|0x0000000747c00000, 0x0000000747c00000, 0x0000000747e00000|  0%| F|  |TAMS 0x0000000747c00000, 0x0000000747c00000| Untracked 
|  53|0x0000000747e00000, 0x0000000747e00000, 0x0000000748000000|  0%| F|  |TAMS 0x0000000747e00000, 0x0000000747e00000| Untracked 
|  54|0x0000000748000000, 0x0000000748000000, 0x0000000748200000|  0%| F|  |TAMS 0x0000000748000000, 0x0000000748000000| Untracked 
|  55|0x0000000748200000, 0x0000000748200000, 0x0000000748400000|  0%| F|  |TAMS 0x0000000748200000, 0x0000000748200000| Untracked 
|  56|0x0000000748400000, 0x0000000748400000, 0x0000000748600000|  0%| F|  |TAMS 0x0000000748400000, 0x0000000748400000| Untracked 
|  57|0x0000000748600000, 0x0000000748600000, 0x0000000748800000|  0%| F|  |TAMS 0x0000000748600000, 0x0000000748600000| Untracked 
|  58|0x0000000748800000, 0x0000000748800000, 0x0000000748a00000|  0%| F|  |TAMS 0x0000000748800000, 0x0000000748800000| Untracked 
|  59|0x0000000748a00000, 0x0000000748a00000, 0x0000000748c00000|  0%| F|  |TAMS 0x0000000748a00000, 0x0000000748a00000| Untracked 
|  60|0x0000000748c00000, 0x0000000748c00000, 0x0000000748e00000|  0%| F|  |TAMS 0x0000000748c00000, 0x0000000748c00000| Untracked 
|  61|0x0000000748e00000, 0x0000000748e00000, 0x0000000749000000|  0%| F|  |TAMS 0x0000000748e00000, 0x0000000748e00000| Untracked 
|  62|0x0000000749000000, 0x0000000749000000, 0x0000000749200000|  0%| F|  |TAMS 0x0000000749000000, 0x0000000749000000| Untracked 
|  63|0x0000000749200000, 0x0000000749200000, 0x0000000749400000|  0%| F|  |TAMS 0x0000000749200000, 0x0000000749200000| Untracked 
|  64|0x0000000749400000, 0x0000000749400000, 0x0000000749600000|  0%| F|  |TAMS 0x0000000749400000, 0x0000000749400000| Untracked 
|  65|0x0000000749600000, 0x0000000749600000, 0x0000000749800000|  0%| F|  |TAMS 0x0000000749600000, 0x0000000749600000| Untracked 
|  66|0x0000000749800000, 0x0000000749800000, 0x0000000749a00000|  0%| F|  |TAMS 0x0000000749800000, 0x0000000749800000| Untracked 
|  67|0x0000000749a00000, 0x0000000749a00000, 0x0000000749c00000|  0%| F|  |TAMS 0x0000000749a00000, 0x0000000749a00000| Untracked 
|  68|0x0000000749c00000, 0x0000000749c00000, 0x0000000749e00000|  0%| F|  |TAMS 0x0000000749c00000, 0x0000000749c00000| Untracked 
|  69|0x0000000749e00000, 0x0000000749e00000, 0x000000074a000000|  0%| F|  |TAMS 0x0000000749e00000, 0x0000000749e00000| Untracked 
|  70|0x000000074a000000, 0x000000074a000000, 0x000000074a200000|  0%| F|  |TAMS 0x000000074a000000, 0x000000074a000000| Untracked 
|  71|0x000000074a200000, 0x000000074a200000, 0x000000074a400000|  0%| F|  |TAMS 0x000000074a200000, 0x000000074a200000| Untracked 
|  72|0x000000074a400000, 0x000000074a400000, 0x000000074a600000|  0%| F|  |TAMS 0x000000074a400000, 0x000000074a400000| Untracked 
|  73|0x000000074a600000, 0x000000074a600000, 0x000000074a800000|  0%| F|  |TAMS 0x000000074a600000, 0x000000074a600000| Untracked 
|  74|0x000000074a800000, 0x000000074a800000, 0x000000074aa00000|  0%| F|  |TAMS 0x000000074a800000, 0x000000074a800000| Untracked 
|  75|0x000000074aa00000, 0x000000074aa00000, 0x000000074ac00000|  0%| F|  |TAMS 0x000000074aa00000, 0x000000074aa00000| Untracked 
|  76|0x000000074ac00000, 0x000000074ad04010, 0x000000074ae00000| 50%| E|  |TAMS 0x000000074ac00000, 0x000000074ac00000| Complete 
|  77|0x000000074ae00000, 0x000000074b000000, 0x000000074b000000|100%| E|CS|TAMS 0x000000074ae00000, 0x000000074ae00000| Complete 
|  78|0x000000074b000000, 0x000000074b1ec080, 0x000000074b200000| 96%| S|CS|TAMS 0x000000074b000000, 0x000000074b000000| Complete 
|  79|0x000000074b200000, 0x000000074b400000, 0x000000074b400000|100%| E|CS|TAMS 0x000000074b200000, 0x000000074b200000| Complete 
|  80|0x000000074b400000, 0x000000074b600000, 0x000000074b600000|100%| E|CS|TAMS 0x000000074b400000, 0x000000074b400000| Complete 
|  81|0x000000074b600000, 0x000000074b800000, 0x000000074b800000|100%| E|CS|TAMS 0x000000074b600000, 0x000000074b600000| Complete 
|  82|0x000000074b800000, 0x000000074ba00000, 0x000000074ba00000|100%| E|CS|TAMS 0x000000074b800000, 0x000000074b800000| Complete 
|  83|0x000000074ba00000, 0x000000074bc00000, 0x000000074bc00000|100%| E|CS|TAMS 0x000000074ba00000, 0x000000074ba00000| Complete 
|  84|0x000000074bc00000, 0x000000074be00000, 0x000000074be00000|100%| E|CS|TAMS 0x000000074bc00000, 0x000000074bc00000| Complete 
|  85|0x000000074be00000, 0x000000074c000000, 0x000000074c000000|100%| E|CS|TAMS 0x000000074be00000, 0x000000074be00000| Complete 
|  86|0x000000074c000000, 0x000000074c200000, 0x000000074c200000|100%| E|CS|TAMS 0x000000074c000000, 0x000000074c000000| Complete 
|  87|0x000000074c200000, 0x000000074c400000, 0x000000074c400000|100%| E|CS|TAMS 0x000000074c200000, 0x000000074c200000| Complete 
|  88|0x000000074c400000, 0x000000074c600000, 0x000000074c600000|100%| E|CS|TAMS 0x000000074c400000, 0x000000074c400000| Complete 
|  89|0x000000074c600000, 0x000000074c800000, 0x000000074c800000|100%| E|CS|TAMS 0x000000074c600000, 0x000000074c600000| Complete 
|  90|0x000000074c800000, 0x000000074ca00000, 0x000000074ca00000|100%| E|CS|TAMS 0x000000074c800000, 0x000000074c800000| Complete 
|  91|0x000000074ca00000, 0x000000074cc00000, 0x000000074cc00000|100%| E|CS|TAMS 0x000000074ca00000, 0x000000074ca00000| Complete 
|  92|0x000000074cc00000, 0x000000074ce00000, 0x000000074ce00000|100%| E|CS|TAMS 0x000000074cc00000, 0x000000074cc00000| Complete 
|  93|0x000000074ce00000, 0x000000074d000000, 0x000000074d000000|100%| E|CS|TAMS 0x000000074ce00000, 0x000000074ce00000| Complete 
|  94|0x000000074d000000, 0x000000074d200000, 0x000000074d200000|100%| E|CS|TAMS 0x000000074d000000, 0x000000074d000000| Complete 
|  95|0x000000074d200000, 0x000000074d400000, 0x000000074d400000|100%| E|CS|TAMS 0x000000074d200000, 0x000000074d200000| Complete 

Card table byte_map: [0x0000025a7b950000,0x0000025a7bf50000] _byte_map_base: 0x0000025a77f46000

Marking Bits (Prev, Next): (CMBitMap*) 0x0000025a794c25b0, (CMBitMap*) 0x0000025a794c25f0
 Prev Bits: [0x0000025a7c550000, 0x0000025a7f500000)
 Next Bits: [0x0000025a167d0000, 0x0000025a19780000)

Polling page: 0x0000025a79330000

Metaspace:

Usage:
  Non-class:     12.84 MB used.
      Class:      1.75 MB used.
       Both:     14.59 MB used.

Virtual space:
  Non-class space:       64.00 MB reserved,      12.94 MB ( 20%) committed,  1 nodes.
      Class space:        1.00 GB reserved,       1.88 MB ( <1%) committed,  1 nodes.
             Both:        1.06 GB reserved,      14.81 MB (  1%) committed. 

Chunk freelists:
   Non-Class:  2.50 MB
       Class:  14.03 MB
        Both:  16.53 MB

MaxMetaspaceSize: unlimited
CompressedClassSpaceSize: 1.00 GB
Initial GC threshold: 21.00 MB
Current GC threshold: 21.00 MB
CDS: on
MetaspaceReclaimPolicy: balanced
 - commit_granule_bytes: 65536.
 - commit_granule_words: 8192.
 - virtual_space_node_default_size: 8388608.
 - enlarge_chunks_in_place: 1.
 - new_chunks_are_fully_committed: 0.
 - uncommit_free_chunks: 1.
 - use_allocation_guard: 0.
 - handle_deallocations: 1.


Internal statistics:

num_allocs_failed_limit: 0.
num_arena_births: 82.
num_arena_deaths: 0.
num_vsnodes_births: 2.
num_vsnodes_deaths: 0.
num_space_committed: 237.
num_space_uncommitted: 0.
num_chunks_returned_to_freelist: 0.
num_chunks_taken_from_freelist: 589.
num_chunk_merges: 0.
num_chunk_splits: 409.
num_chunks_enlarged: 327.
num_purges: 0.
num_inconsistent_stats: 0.

CodeHeap 'non-profiled nmethods': size=120000Kb used=1317Kb max_used=1317Kb free=118683Kb
 bounds [0x0000025a0f2a0000, 0x0000025a0f510000, 0x0000025a167d0000]
CodeHeap 'profiled nmethods': size=120000Kb used=6255Kb max_used=6255Kb free=113744Kb
 bounds [0x0000025a077d0000, 0x0000025a07df0000, 0x0000025a0ed00000]
CodeHeap 'non-nmethods': size=5760Kb used=1176Kb max_used=1227Kb free=4583Kb
 bounds [0x0000025a0ed00000, 0x0000025a0ef70000, 0x0000025a0f2a0000]
 total_blobs=3504 nmethods=3033 adapters=383
 compilation: enabled
              stopped_count=0, restarted_count=0
 full_count=0

Compilation events (20 events):
Event: 262.366 Thread 0x0000025a7fb16890 3036       1       org.eclipse.aether.DefaultRepositorySystemSession::getAuthenticationSelector (5 bytes)
Event: 262.366 Thread 0x0000025a7fb16890 nmethod 3036 0x0000025a0f3e8e10 code [0x0000025a0f3e8fa0, 0x0000025a0f3e9078]
Event: 262.367 Thread 0x0000025a7fb16890 3038       3       com.google.inject.internal.asm.$ByteVector::put11 (52 bytes)
Event: 262.368 Thread 0x0000025a7fb16890 nmethod 3038 0x0000025a07de7d10 code [0x0000025a07de7ec0, 0x0000025a07de80e8]
Event: 262.368 Thread 0x0000025a7fb16890 3039       3       java.util.Objects::equals (23 bytes)
Event: 262.369 Thread 0x0000025a7fb16890 nmethod 3039 0x0000025a07de8210 code [0x0000025a07de83c0, 0x0000025a07de8648]
Event: 262.370 Thread 0x0000025a7fb16890 3040       3       org.apache.maven.model.merge.ModelMerger::mergePlugin_GroupId (41 bytes)
Event: 262.371 Thread 0x0000025a7fb16890 nmethod 3040 0x0000025a07de8710 code [0x0000025a07de88e0, 0x0000025a07de8cf8]
Event: 262.371 Thread 0x0000025a7fb16890 3041       3       org.apache.maven.model.merge.ModelMerger::mergePlugin_ArtifactId (41 bytes)
Event: 262.371 Thread 0x0000025a7fb16890 nmethod 3041 0x0000025a07de8e90 code [0x0000025a07de9060, 0x0000025a07de9478]
Event: 262.371 Thread 0x0000025a7fb16890 3042       3       org.apache.maven.model.merge.ModelMerger::mergePlugin_Version (41 bytes)
Event: 262.372 Thread 0x0000025a7fb16890 nmethod 3042 0x0000025a07de9610 code [0x0000025a07de97e0, 0x0000025a07de9bf8]
Event: 262.372 Thread 0x0000025a7fb16890 3045       3       java.util.LinkedHashMap::afterNodeRemoval (65 bytes)
Event: 262.372 Thread 0x0000025a7fb16890 nmethod 3045 0x0000025a07de9d90 code [0x0000025a07de9f60, 0x0000025a07dea458]
Event: 262.372 Thread 0x0000025a7fb16890 3043       3       org.apache.maven.model.merge.ModelMerger::mergePlugin_Extensions (43 bytes)
Event: 262.373 Thread 0x0000025a7fb16890 nmethod 3043 0x0000025a07dea590 code [0x0000025a07dea760, 0x0000025a07deab78]
Event: 262.373 Thread 0x0000025a7fb16890 3044       3       org.apache.maven.model.merge.ModelMerger::mergePlugin_Dependencies (26 bytes)
Event: 262.374 Thread 0x0000025a7fb16890 nmethod 3044 0x0000025a07dead10 code [0x0000025a07deaf40, 0x0000025a07deb9a8]
Event: 262.374 Thread 0x0000025a7fb16890 3046       1       org.apache.maven.model.ModelBase::getReporting (5 bytes)
Event: 262.374 Thread 0x0000025a7fb16890 nmethod 3046 0x0000025a0f3e9110 code [0x0000025a0f3e92a0, 0x0000025a0f3e9378]

GC Heap History (6 events):
Event: 30.272 GC heap before
{Heap before GC invocations=0 (full 0):
 garbage-first heap   total 196608K, used 12288K [0x0000000741400000, 0x0000000800000000)
  region size 2048K, 6 young (12288K), 0 survivors (0K)
 Metaspace       used 3462K, committed 3584K, reserved 1114112K
  class space    used 358K, committed 448K, reserved 1048576K
}
Event: 38.197 GC heap after
{Heap after GC invocations=1 (full 0):
 garbage-first heap   total 196608K, used 3299K [0x0000000741400000, 0x0000000800000000)
  region size 2048K, 1 young (2048K), 1 survivors (2048K)
 Metaspace       used 3462K, committed 3584K, reserved 1114112K
  class space    used 358K, committed 448K, reserved 1048576K
}
Event: 67.518 GC heap before
{Heap before GC invocations=1 (full 0):
 garbage-first heap   total 196608K, used 11491K [0x0000000741400000, 0x0000000800000000)
  region size 2048K, 5 young (10240K), 1 survivors (2048K)
 Metaspace       used 5688K, committed 5888K, reserved 1114112K
  class space    used 669K, committed 768K, reserved 1048576K
}
Event: 67.522 GC heap after
{Heap after GC invocations=2 (full 0):
 garbage-first heap   total 196608K, used 3980K [0x0000000741400000, 0x0000000800000000)
  region size 2048K, 1 young (2048K), 1 survivors (2048K)
 Metaspace       used 5688K, committed 5888K, reserved 1114112K
  class space    used 669K, committed 768K, reserved 1048576K
}
Event: 169.149 GC heap before
{Heap before GC invocations=2 (full 0):
 garbage-first heap   total 196608K, used 36748K [0x0000000741400000, 0x0000000800000000)
  region size 2048K, 17 young (34816K), 1 survivors (2048K)
 Metaspace       used 9679K, committed 9920K, reserved 1114112K
  class space    used 1172K, committed 1280K, reserved 1048576K
}
Event: 169.156 GC heap after
{Heap after GC invocations=3 (full 0):
 garbage-first heap   total 196608K, used 5332K [0x0000000741400000, 0x0000000800000000)
  region size 2048K, 1 young (2048K), 1 survivors (2048K)
 Metaspace       used 9679K, committed 9920K, reserved 1114112K
  class space    used 1172K, committed 1280K, reserved 1048576K
}

Deoptimization events (20 events):
Event: 252.490 Thread 0x0000025a79469e80 Uncommon trap: trap_request=0xffffff45 fr.pc=0x0000025a0f2ff33c relative=0x000000000000023c
Event: 252.490 Thread 0x0000025a79469e80 Uncommon trap: reason=unstable_if action=reinterpret pc=0x0000025a0f2ff33c method=java.lang.String.decodeASCII([BI[CII)I @ 7 c2
Event: 252.490 Thread 0x0000025a79469e80 DEOPT PACKING pc=0x0000025a0f2ff33c sp=0x00000078ae1fd1a0
Event: 252.490 Thread 0x0000025a79469e80 DEOPT UNPACKING pc=0x0000025a0ed523a3 sp=0x00000078ae1fd128 mode 2
Event: 255.171 Thread 0x0000025a79469e80 Uncommon trap: trap_request=0xffffff45 fr.pc=0x0000025a0f3d3344 relative=0x00000000000018c4
Event: 255.171 Thread 0x0000025a79469e80 Uncommon trap: reason=unstable_if action=reinterpret pc=0x0000025a0f3d3344 method=org.codehaus.plexus.util.xml.pull.MXParser.nextImpl()I @ 973 c2
Event: 255.171 Thread 0x0000025a79469e80 DEOPT PACKING pc=0x0000025a0f3d3344 sp=0x00000078ae1fd620
Event: 255.171 Thread 0x0000025a79469e80 DEOPT UNPACKING pc=0x0000025a0ed523a3 sp=0x00000078ae1fd5c8 mode 2
Event: 255.172 Thread 0x0000025a79469e80 Uncommon trap: trap_request=0xffffff45 fr.pc=0x0000025a0f391fd0 relative=0x0000000000000050
Event: 255.172 Thread 0x0000025a79469e80 Uncommon trap: reason=unstable_if action=reinterpret pc=0x0000025a0f391fd0 method=org.codehaus.plexus.util.xml.pull.MXParser.isValidCodePoint(I)Z @ 3 c2
Event: 255.172 Thread 0x0000025a79469e80 DEOPT PACKING pc=0x0000025a0f391fd0 sp=0x00000078ae1fd4d0
Event: 255.172 Thread 0x0000025a79469e80 DEOPT UNPACKING pc=0x0000025a0ed523a3 sp=0x00000078ae1fd460 mode 2
Event: 255.194 Thread 0x0000025a79469e80 Uncommon trap: trap_request=0xffffff45 fr.pc=0x0000025a0f335b34 relative=0x0000000000000d34
Event: 255.194 Thread 0x0000025a79469e80 Uncommon trap: reason=unstable_if action=reinterpret pc=0x0000025a0f335b34 method=java.lang.String.<init>([BIILjava/nio/charset/Charset;)V @ 110 c2
Event: 255.194 Thread 0x0000025a79469e80 DEOPT PACKING pc=0x0000025a0f335b34 sp=0x00000078ae1fd540
Event: 255.194 Thread 0x0000025a79469e80 DEOPT UNPACKING pc=0x0000025a0ed523a3 sp=0x00000078ae1fd518 mode 2
Event: 262.346 Thread 0x0000025a79469e80 Uncommon trap: trap_request=0xffffff45 fr.pc=0x0000025a0f3d8d1c relative=0x000000000000009c
Event: 262.346 Thread 0x0000025a79469e80 Uncommon trap: reason=unstable_if action=reinterpret pc=0x0000025a0f3d8d1c method=org.apache.maven.model.validation.DefaultModelValidator.isValidIdCharacter(C)Z @ 51 c2
Event: 262.346 Thread 0x0000025a79469e80 DEOPT PACKING pc=0x0000025a0f3d8d1c sp=0x00000078ae1fd810
Event: 262.346 Thread 0x0000025a79469e80 DEOPT UNPACKING pc=0x0000025a0ed523a3 sp=0x00000078ae1fd798 mode 2

Classes unloaded (0 events):
No events

Classes redefined (0 events):
No events

Internal exceptions (20 events):
Event: 23.432 Thread 0x0000025a79469e80 Exception <a 'java/lang/NoSuchMethodError'{0x000000074cff7e40}: 'void java.lang.invoke.DirectMethodHandle$Holder.invokeStatic(java.lang.Object, java.lang.Object, java.lang.Object)'> (0x000000074cff7e40) 
thrown [s\open\src\hotspot\share\interpreter\linkResolver.cpp, line 759]
Event: 23.785 Thread 0x0000025a79469e80 Exception <a 'java/lang/NoSuchMethodError'{0x000000074cc55fb0}: 'int java.lang.invoke.DirectMethodHandle$Holder.invokeStatic(java.lang.Object, java.lang.Object, int)'> (0x000000074cc55fb0) 
thrown [s\open\src\hotspot\share\interpreter\linkResolver.cpp, line 759]
Event: 26.738 Thread 0x0000025a79469e80 Exception <a 'java/lang/NoSuchMethodError'{0x000000074cdd0a20}: 'java.lang.Object java.lang.invoke.DirectMethodHandle$Holder.invokeSpecialIFC(java.lang.Object, java.lang.Object, java.lang.Object, java.lang.Object)'> (0x000000074cdd0a20) 
thrown [s\open\src\hotspot\share\interpreter\linkResolver.cpp, line 759]
Event: 41.154 Thread 0x0000025a79469e80 Exception <a 'java/lang/NoSuchMethodError'{0x000000074d3b1090}: 'void java.lang.invoke.DirectMethodHandle$Holder.invokeSpecial(java.lang.Object, java.lang.Object, java.lang.Object)'> (0x000000074d3b1090) 
thrown [s\open\src\hotspot\share\interpreter\linkResolver.cpp, line 759]
Event: 44.160 Thread 0x0000025a79469e80 Exception <a 'java/lang/NoSuchMethodError'{0x000000074d1110b0}: 'java.lang.Object java.lang.invoke.DirectMethodHandle$Holder.invokeInterface(java.lang.Object, java.lang.Object)'> (0x000000074d1110b0) 
thrown [s\open\src\hotspot\share\interpreter\linkResolver.cpp, line 759]
Event: 48.428 Thread 0x0000025a79469e80 Exception <a 'java/lang/NoSuchMethodError'{0x000000074d1bbee8}: 'java.lang.Object java.lang.invoke.Invokers$Holder.invokeExact_MT(java.lang.Object, java.lang.Object, java.lang.Object, java.lang.Object, java.lang.Object, java.lang.Object)'> (0x000000074d1bbee8) 
thrown [s\open\src\hotspot\share\interpreter\linkResolver.cpp, line 759]
Event: 48.436 Thread 0x0000025a79469e80 Exception <a 'java/lang/NoSuchMethodError'{0x000000074d1cd640}: 'int java.lang.invoke.DirectMethodHandle$Holder.invokeSpecialIFC(java.lang.Object, java.lang.Object, java.lang.Object, java.lang.Object, java.lang.Object)'> (0x000000074d1cd640) 
thrown [s\open\src\hotspot\share\interpreter\linkResolver.cpp, line 759]
Event: 56.412 Thread 0x0000025a79469e80 Exception <a 'java/lang/NoSuchMethodError'{0x000000074cf7cd58}: 'java.lang.Object java.lang.invoke.DirectMethodHandle$Holder.newInvokeSpecial(java.lang.Object, java.lang.Object, java.lang.Object, java.lang.Object, java.lang.Object)'> (0x000000074cf7cd58) 
thrown [s\open\src\hotspot\share\interpreter\linkResolver.cpp, line 759]
Event: 63.001 Thread 0x0000025a79469e80 Exception <a 'java/lang/NoSuchMethodError'{0x000000074cc838a0}: 'int java.lang.invoke.DirectMethodHandle$Holder.invokeStaticInit(java.lang.Object, java.lang.Object)'> (0x000000074cc838a0) 
thrown [s\open\src\hotspot\share\interpreter\linkResolver.cpp, line 759]
Event: 63.020 Thread 0x0000025a79469e80 Exception <a 'java/lang/NoClassDefFoundError'{0x000000074ccbd3a0}: javax/enterprise/inject/Typed> (0x000000074ccbd3a0) 
thrown [s\open\src\hotspot\share\classfile\systemDictionary.cpp, line 245]
Event: 187.932 Thread 0x0000025a79469e80 Exception <a 'java/lang/NoSuchMethodError'{0x000000074ceeaf88}: 'void java.lang.invoke.DirectMethodHandle$Holder.invokeStaticInit(java.lang.Object, java.lang.Object, java.lang.Object)'> (0x000000074ceeaf88) 
thrown [s\open\src\hotspot\share\interpreter\linkResolver.cpp, line 759]
Event: 187.946 Thread 0x0000025a79469e80 Exception <a 'java/lang/ExceptionInInitializerError'{0x000000074cf17018}> (0x000000074cf17018) 
thrown [s\open\src\hotspot\share\oops\instanceKlass.cpp, line 1216]
Event: 189.900 Thread 0x0000025a79469e80 Implicit null exception at 0x0000025a0f31fa2f to 0x0000025a0f31fb94
Event: 189.904 Thread 0x0000025a79469e80 Exception <a 'java/lang/NoSuchMethodError'{0x000000074cc26200}: 'java.lang.Object java.lang.invoke.Invokers$Holder.invokeExact_MT(java.lang.Object, int, java.lang.Object)'> (0x000000074cc26200) 
thrown [s\open\src\hotspot\share\interpreter\linkResolver.cpp, line 759]
Event: 190.770 Thread 0x0000025a79469e80 Exception <a 'java/lang/NoSuchMethodError'{0x000000074cca0910}: 'int java.lang.invoke.DirectMethodHandle$Holder.invokeSpecial(java.lang.Object, java.lang.Object, java.lang.Object, java.lang.Object)'> (0x000000074cca0910) 
thrown [s\open\src\hotspot\share\interpreter\linkResolver.cpp, line 759]
Event: 199.562 Thread 0x0000025a79469e80 Exception <a 'java/lang/NoClassDefFoundError'{0x000000074c4c2f48}: com/google/inject/servlet/ServletModuleTargetVisitor> (0x000000074c4c2f48) 
thrown [s\open\src\hotspot\share\classfile\systemDictionary.cpp, line 245]
Event: 201.462 Thread 0x0000025a79469e80 Exception <a 'java/lang/NoSuchMethodError'{0x000000074c3423e8}: 'void java.lang.invoke.DirectMethodHandle$Holder.invokeVirtual(java.lang.Object, java.lang.Object)'> (0x000000074c3423e8) 
thrown [s\open\src\hotspot\share\interpreter\linkResolver.cpp, line 759]
Event: 202.216 Thread 0x0000025a79469e80 Exception <a 'java/lang/NoSuchMethodError'{0x000000074c3c2e58}: 'java.lang.Object java.lang.invoke.DirectMethodHandle$Holder.invokeStaticInit(java.lang.Object, int, int, int, int)'> (0x000000074c3c2e58) 
thrown [s\open\src\hotspot\share\interpreter\linkResolver.cpp, line 759]
Event: 220.867 Thread 0x0000025a79469e80 Implicit null exception at 0x0000025a0f2cc9f2 to 0x0000025a0f2cd04c
Event: 220.867 Thread 0x0000025a79469e80 Implicit null exception at 0x0000025a0f2deaf2 to 0x0000025a0f2df16c

VM Operations (20 events):
Event: 237.200 Executing VM operation: Cleanup
Event: 237.201 Executing VM operation: Cleanup done
Event: 239.202 Executing VM operation: Cleanup
Event: 241.064 Executing VM operation: Cleanup done
Event: 242.065 Executing VM operation: Cleanup
Event: 244.438 Executing VM operation: Cleanup done
Event: 245.439 Executing VM operation: Cleanup
Event: 247.705 Executing VM operation: Cleanup done
Event: 249.705 Executing VM operation: Cleanup
Event: 250.081 Executing VM operation: Cleanup done
Event: 251.082 Executing VM operation: Cleanup
Event: 252.453 Executing VM operation: Cleanup done
Event: 253.454 Executing VM operation: Cleanup
Event: 255.165 Executing VM operation: Cleanup done
Event: 256.165 Executing VM operation: Cleanup
Event: 256.165 Executing VM operation: Cleanup done
Event: 258.166 Executing VM operation: Cleanup
Event: 260.198 Executing VM operation: Cleanup done
Event: 261.199 Executing VM operation: Cleanup
Event: 262.341 Executing VM operation: Cleanup done

Events (20 events):
Event: 222.623 loading class java/nio/file/AccessMode
Event: 222.624 loading class java/nio/file/AccessMode done
Event: 222.625 loading class sun/nio/fs/WindowsFileSystemProvider$1
Event: 222.625 loading class sun/nio/fs/WindowsFileSystemProvider$1 done
Event: 222.630 loading class java/util/AbstractMap$2
Event: 222.631 loading class java/util/AbstractMap$2 done
Event: 222.631 loading class java/util/AbstractMap$2$1
Event: 222.632 loading class java/util/AbstractMap$2$1 done
Event: 224.965 loading class sun/util/resources/LocaleData$CommonResourceBundleProvider
Event: 224.966 loading class sun/util/resources/LocaleData$LocaleDataResourceBundleProvider
Event: 224.966 loading class java/util/spi/ResourceBundleProvider
Event: 224.967 loading class java/util/spi/ResourceBundleProvider done
Event: 224.967 loading class sun/util/resources/LocaleData$LocaleDataResourceBundleProvider done
Event: 224.967 loading class sun/util/resources/LocaleData$CommonResourceBundleProvider done
Event: 224.968 loading class sun/util/resources/Bundles$2
Event: 224.969 loading class sun/util/resources/Bundles$2 done
Event: 227.303 loading class java/lang/Short$ShortCache
Event: 227.304 loading class java/lang/Short$ShortCache done
Event: 227.304 loading class java/lang/Byte$ByteCache
Event: 227.304 loading class java/lang/Byte$ByteCache done


Dynamic libraries:
0x00007ff7d1f80000 - 0x00007ff7d1f90000 	C:\Program Files\Java\jdk-17\bin\java.exe
0x00007ffa59c50000 - 0x00007ffa59e48000 	C:\WINDOWS\SYSTEM32\ntdll.dll
0x00007ffa58780000 - 0x00007ffa58842000 	C:\WINDOWS\System32\KERNEL32.DLL
0x00007ffa574b0000 - 0x00007ffa577ae000 	C:\WINDOWS\System32\KERNELBASE.dll
0x00007ffa57ac0000 - 0x00007ffa57bc0000 	C:\WINDOWS\System32\ucrtbase.dll
0x00007ffa35d00000 - 0x00007ffa35d19000 	C:\Program Files\Java\jdk-17\bin\jli.dll
0x00007ffa586a0000 - 0x00007ffa58752000 	C:\WINDOWS\System32\ADVAPI32.dll
0x00007ffa590c0000 - 0x00007ffa5915e000 	C:\WINDOWS\System32\msvcrt.dll
0x00007ffa59020000 - 0x00007ffa590c0000 	C:\WINDOWS\System32\sechost.dll
0x00007ffa57c70000 - 0x00007ffa57d93000 	C:\WINDOWS\System32\RPCRT4.dll
0x00007ffa57450000 - 0x00007ffa57477000 	C:\WINDOWS\System32\bcrypt.dll
0x00007ffa58cd0000 - 0x00007ffa58e6d000 	C:\WINDOWS\System32\USER32.dll
0x00007ffa57480000 - 0x00007ffa574a2000 	C:\WINDOWS\System32\win32u.dll
0x00007ffa58c80000 - 0x00007ffa58cab000 	C:\WINDOWS\System32\GDI32.dll
0x00007ffa578c0000 - 0x00007ffa579d7000 	C:\WINDOWS\System32\gdi32full.dll
0x00007ffa577b0000 - 0x00007ffa5784d000 	C:\WINDOWS\System32\msvcp_win.dll
0x00007ffa35ce0000 - 0x00007ffa35cfb000 	C:\Program Files\Java\jdk-17\bin\VCRUNTIME140.dll
0x00007ffa43620000 - 0x00007ffa438ba000 	C:\WINDOWS\WinSxS\amd64_microsoft.windows.common-controls_6595b64144ccf1df_6.0.19041.4355_none_60b8b9eb71f62e16\COMCTL32.dll
0x00007ffa51470000 - 0x00007ffa5147a000 	C:\WINDOWS\SYSTEM32\VERSION.dll
0x00007ffa59be0000 - 0x00007ffa59c0f000 	C:\WINDOWS\System32\IMM32.DLL
0x00007ffa29a30000 - 0x00007ffa29a3c000 	C:\Program Files\Java\jdk-17\bin\vcruntime140_1.dll
0x00007ffa1bd60000 - 0x00007ffa1bdee000 	C:\Program Files\Java\jdk-17\bin\msvcp140.dll
0x00007ff9aaf10000 - 0x00007ff9abaee000 	C:\Program Files\Java\jdk-17\bin\server\jvm.dll
0x00007ffa58760000 - 0x00007ffa58768000 	C:\WINDOWS\System32\PSAPI.DLL
0x00007ffa3b1f0000 - 0x00007ffa3b1f9000 	C:\WINDOWS\SYSTEM32\WSOCK32.dll
0x00007ffa589a0000 - 0x00007ffa58a0b000 	C:\WINDOWS\System32\WS2_32.dll
0x00007ffa3fa90000 - 0x00007ffa3fab7000 	C:\WINDOWS\SYSTEM32\WINMM.dll
0x00007ffa55b00000 - 0x00007ffa55b12000 	C:\WINDOWS\SYSTEM32\kernel.appcore.dll
0x00007ffa29a20000 - 0x00007ffa29a2a000 	C:\Program Files\Java\jdk-17\bin\jimage.dll
0x00007ffa55030000 - 0x00007ffa55214000 	C:\WINDOWS\SYSTEM32\DBGHELP.DLL
0x00007ffa3d4d0000 - 0x00007ffa3d504000 	C:\WINDOWS\SYSTEM32\dbgcore.DLL
0x00007ffa579e0000 - 0x00007ffa57a62000 	C:\WINDOWS\System32\bcryptPrimitives.dll
0x00007ffa20850000 - 0x00007ffa2085e000 	C:\Program Files\Java\jdk-17\bin\instrument.dll
0x00007ffa299f0000 - 0x00007ffa29a15000 	C:\Program Files\Java\jdk-17\bin\java.dll
0x00007ffa0c9c0000 - 0x00007ffa0ca97000 	C:\Program Files\Java\jdk-17\bin\jsvml.dll
0x00007ffa57da0000 - 0x00007ffa5850f000 	C:\WINDOWS\System32\SHELL32.dll
0x00007ffa55310000 - 0x00007ffa55ab4000 	C:\WINDOWS\SYSTEM32\windows.storage.dll
0x00007ffa592a0000 - 0x00007ffa595f3000 	C:\WINDOWS\System32\combase.dll
0x00007ffa56d20000 - 0x00007ffa56d4e000 	C:\WINDOWS\SYSTEM32\Wldp.dll
0x00007ffa58850000 - 0x00007ffa5891d000 	C:\WINDOWS\System32\OLEAUT32.dll
0x00007ffa59600000 - 0x00007ffa596ad000 	C:\WINDOWS\System32\SHCORE.dll
0x00007ffa58640000 - 0x00007ffa58695000 	C:\WINDOWS\System32\shlwapi.dll
0x00007ffa57220000 - 0x00007ffa57244000 	C:\WINDOWS\SYSTEM32\profapi.dll
0x00007ffa205b0000 - 0x00007ffa205c8000 	C:\Program Files\Java\jdk-17\bin\zip.dll
0x00007ffa20fa0000 - 0x00007ffa20fb9000 	C:\Program Files\Java\jdk-17\bin\net.dll
0x00007ffa4e080000 - 0x00007ffa4e18d000 	C:\WINDOWS\SYSTEM32\WINHTTP.dll
0x00007ffa56a30000 - 0x00007ffa56a9a000 	C:\WINDOWS\system32\mswsock.dll
0x00007ffa20890000 - 0x00007ffa208a6000 	C:\Program Files\Java\jdk-17\bin\nio.dll
0x00007ffa1ff30000 - 0x00007ffa1ff4a000 	C:\Program Files\JetBrains\IntelliJ IDEA 2023.2.1\bin\breakgen64.dll
0x0000000069ac0000 - 0x0000000069ae4000 	C:\Users\sghai\AppData\Local\Temp\jansi-2.4.0-b1bbc7c87b3a9e8a-jansi.dll
0x00007ffa20a30000 - 0x00007ffa20a40000 	C:\Program Files\Java\jdk-17\bin\verify.dll

dbghelp: loaded successfully - version: 4.0.5 - missing functions: none
symbol engine: initialized successfully - sym options: 0x614 - pdb path: .;C:\Program Files\Java\jdk-17\bin;C:\WINDOWS\SYSTEM32;C:\WINDOWS\WinSxS\amd64_microsoft.windows.common-controls_6595b64144ccf1df_6.0.19041.4355_none_60b8b9eb71f62e16;C:\Program Files\Java\jdk-17\bin\server;C:\Program Files\JetBrains\IntelliJ IDEA 2023.2.1\bin;C:\Users\sghai\AppData\Local\Temp

VM Arguments:
jvm_args: -Dmaven.multiModuleProjectDirectory=D:\Users\sghai\Desktop\AyaSghaier-5SAE7-G5\5SAE7-G5-Kaddem\5 SAE 7-G5-KADDEM -Djansi.passthrough=true -Dmaven.home=C:\Program Files\JetBrains\IntelliJ IDEA 2023.2.1\plugins\maven\lib\maven3 -Dclassworlds.conf=C:\Program Files\JetBrains\IntelliJ IDEA 2023.2.1\plugins\maven\lib\maven3\bin\m2.conf -Dmaven.ext.class.path=C:\Program Files\JetBrains\IntelliJ IDEA 2023.2.1\plugins\maven\lib\maven-event-listener.jar -javaagent:C:\Program Files\JetBrains\IntelliJ IDEA 2023.2.1\lib\idea_rt.jar=53952:C:\Program Files\JetBrains\IntelliJ IDEA 2023.2.1\bin -Dfile.encoding=UTF-8 
java_command: org.codehaus.classworlds.Launcher -Didea.version=2023.2.1 compile
java_class_path (initial): C:\Program Files\JetBrains\IntelliJ IDEA 2023.2.1\plugins\maven\lib\maven3\boot\plexus-classworlds-2.7.0.jar;C:\Program Files\JetBrains\IntelliJ IDEA 2023.2.1\plugins\maven\lib\maven3\boot\plexus-classworlds.license
Launcher Type: SUN_STANDARD

[Global flags]
     intx CICompilerCount                          = 3                                         {product} {ergonomic}
     uint ConcGCThreads                            = 1                                         {product} {ergonomic}
     uint G1ConcRefinementThreads                  = 4                                         {product} {ergonomic}
   size_t G1HeapRegionSize                         = 2097152                                   {product} {ergonomic}
    uintx GCDrainStackTargetSize                   = 64                                        {product} {ergonomic}
   size_t InitialHeapSize                          = 201326592                                 {product} {ergonomic}
   size_t MarkStackSize                            = 4194304                                   {product} {ergonomic}
   size_t MaxHeapSize                              = 3200253952                                {product} {ergonomic}
   size_t MaxNewSize                               = 1918894080                                {product} {ergonomic}
   size_t MinHeapDeltaBytes                        = 2097152                                   {product} {ergonomic}
   size_t MinHeapSize                              = 8388608                                   {product} {ergonomic}
    uintx NonNMethodCodeHeapSize                   = 5832780                                {pd product} {ergonomic}
    uintx NonProfiledCodeHeapSize                  = 122912730                              {pd product} {ergonomic}
    uintx ProfiledCodeHeapSize                     = 122912730                              {pd product} {ergonomic}
    uintx ReservedCodeCacheSize                    = 251658240                              {pd product} {ergonomic}
     bool SegmentedCodeCache                       = true                                      {product} {ergonomic}
   size_t SoftMaxHeapSize                          = 3200253952                             {manageable} {ergonomic}
     bool UseCompressedClassPointers               = true                           {product lp64_product} {ergonomic}
     bool UseCompressedOops                        = true                           {product lp64_product} {ergonomic}
     bool UseG1GC                                  = true                                      {product} {ergonomic}
     bool UseLargePagesIndividualAllocation        = false                                  {pd product} {ergonomic}

Logging:
Log output configuration:
 #0: stdout all=warning uptime,level,tags
 #1: stderr all=off uptime,level,tags

Environment Variables:
PATH=C:\oraclexe\app\oracle\product\11.2.0\server\bin;;C:\Program Files (x86)\VMware\VMware Workstation\bin\;C:\oraclexe\app\oracle\product\11.2.0\server\bin;C:\Program Files (x86)\Common Files\Oracle\Java\javapath;C:\WINDOWS\system32;C:\WINDOWS;C:\WINDOWS\System32\Wbem;C:\WINDOWS\System32\WindowsPowerShell\v1.0\;C:\WINDOWS\System32\OpenSSH\;C:\Program Files\Microsoft SQL Server\130\Tools\Binn\;C:\Users\sghai\AppData\Local\Programs\Python\Python310;C:\Users\sghai\AppData\Local\Programs\Python\Python310\Lib\site-packages\pip;C:\Program Files\Git\cmd;C:\xampp\php;C:\Program Files\Java\jdk1.8.0_301\bin;C:\composer;C:\Program Files (x86)\GnuWin32\bin;C:\Program Files (x86)\CodeBlocks\MinGW\bin;C:\Program Files\Microsoft SQL Server\150\Tools\Binn\;C:\Users\sghai\AppData\Local\Pub\Cache\bin;d:\Users\sghai\Documents\flutter\bin;C:\Program Files (x86)\AOMEI\AOMEI Backupper 6.0.0;C:\Program Files\Java\jdk-17\bin;C:\Program Files\Microsoft SQL Server\Client SDK\ODBC\170\Tools\Binn\;C:\Program Files\dotnet\;C:\Program Files\nodejs\;C:\Program Files (x86)\Microsoft SQL Server\110\Tools\Binn\;C:\Program Files (x86)\Microsoft SQL Server\110\DTS\Binn\;C:\Program Files (x86)\Microsoft SQL Server\110\Tools\Binn\ManagementStudio\;C:\Program Files (x86)\Microsoft Visual Studio 10.0\Common7\IDE\PrivateAssemblies\;C:\Program Files\Git LFS;C:\Program Files\Vagrant\bin;C:\Users\sghai\scoop\shims;C:\Program Files\MySQL\MySQL Shell 8.0\bin\;C:\Users\sghai\AppData\Local\Microsoft\WindowsApps;C:\Users\sghai\AppData\Local\Programs\Microsoft VS Code\bin;C:\Users\sghai\AppData\Roaming\Composer\vendor\bin;C:\Program Files\JetBrains\PyCharm Community Edition 2021.3.3\bin;C:\Users\sghai\AppData\Local\Programs\Python\Python310;C:\Users\sghai\AppData\Local\Programs\Python\Python310\Lib\site-packages\pip;C:\Program Files\JetBrains\PyCharm 2021.3.3\bin;C:\Users\sghai\AppData\Local\Pub\Cache\bin;d:\Users\sghai\Documents\flutter\bin;C:\Program Files\JetBrains\IntelliJ IDEA 2023.2.1\bin;;C:\Users\sghai\.dotn
USERNAME=sghai
OS=Windows_NT
PROCESSOR_IDENTIFIER=Intel64 Family 6 Model 142 Stepping 9, GenuineIntel



---------------  S Y S T E M  ---------------

OS:
 Windows 10 , 64 bit Build 19041 (10.0.19041.4957)
OS uptime: 6 days 6:24 hours
Hyper-V role detected

CPU: total 4 (initial active 4) (2 cores per cpu, 2 threads per core) family 6 model 142 stepping 9 microcode 0xb4, cx8, cmov, fxsr, ht, mmx, 3dnowpref, sse, sse2, sse3, ssse3, sse4.1, sse4.2, popcnt, lzcnt, tsc, tscinvbit, avx, avx2, aes, erms, clmul, bmi1, bmi2, adx, fma, vzeroupper, clflush, clflushopt, hv

Memory: 4k page, system-wide physical 12203M (275M free)
TotalPageFile size 49067M (AvailPageFile size 2M)
current process WorkingSet (physical memory assigned to process): 77M, peak: 88M
current process commit charge ("private bytes"): 299M, peak: 307M

vm_info: Java HotSpot(TM) 64-Bit Server VM (17.0.8+9-LTS-211) for windows-amd64 JRE (17.0.8+9-LTS-211), built on Jun 14 2023 10:34:31 by "mach5one" with MS VC++ 17.1 (VS2022)

END.
